2024-05-08T01:17:49.704-07:00  INFO 13912 --- [main] c.e.l.service.BookServiceTest            : Starting BookServiceTest using Java 20.0.2 with PID 13912 (started by Ahmed in F:\leetcode\maids.cc-task\library_management_system\library_management_system)
2024-05-08T01:17:49.722-07:00  INFO 13912 --- [main] c.e.l.service.BookServiceTest            : No active profile set, falling back to 1 default profile: "default"
2024-05-08T01:17:51.595-07:00  INFO 13912 --- [main] .s.d.r.c.RepositoryConfigurationDelegate : Bootstrapping Spring Data JPA repositories in DEFAULT mode.
2024-05-08T01:17:51.862-07:00  INFO 13912 --- [main] .s.d.r.c.RepositoryConfigurationDelegate : Finished Spring Data repository scanning in 211 ms. Found 3 JPA repository interfaces.
2024-05-08T01:17:53.685-07:00  INFO 13912 --- [main] o.hibernate.jpa.internal.util.LogHelper  : HHH000204: Processing PersistenceUnitInfo [name: default]
2024-05-08T01:17:53.864-07:00  INFO 13912 --- [main] org.hibernate.Version                    : HHH000412: Hibernate ORM core version 6.2.24.Final
2024-05-08T01:17:53.869-07:00  INFO 13912 --- [main] org.hibernate.cfg.Environment            : HHH000406: Using bytecode reflection optimizer
2024-05-08T01:17:54.599-07:00  INFO 13912 --- [main] o.s.o.j.p.SpringPersistenceUnitInfo      : No LoadTimeWeaver setup: ignoring JPA class transformer
2024-05-08T01:17:54.660-07:00  INFO 13912 --- [main] com.zaxxer.hikari.HikariDataSource       : HikariPool-1 - Starting...
2024-05-08T01:17:55.217-07:00  INFO 13912 --- [main] com.zaxxer.hikari.pool.HikariPool        : HikariPool-1 - Added connection conn0: url=jdbc:h2:file:./db/library user=ADDMIN
2024-05-08T01:17:55.219-07:00  INFO 13912 --- [main] com.zaxxer.hikari.HikariDataSource       : HikariPool-1 - Start completed.
2024-05-08T01:17:55.274-07:00  WARN 13912 --- [main] org.hibernate.orm.deprecation            : HHH90000025: H2Dialect does not need to be specified explicitly using 'hibernate.dialect' (remove the property setting and it will be selected by default)
2024-05-08T01:17:56.950-07:00  INFO 13912 --- [main] o.h.e.t.j.p.i.JtaPlatformInitiator       : HHH000489: No JTA platform available (set 'hibernate.transaction.jta.platform' to enable JTA platform integration)
2024-05-08T01:17:57.036-07:00  INFO 13912 --- [main] j.LocalContainerEntityManagerFactoryBean : Initialized JPA EntityManagerFactory for persistence unit 'default'
2024-05-08T01:17:59.308-07:00  WARN 13912 --- [main] JpaBaseConfiguration$JpaWebConfiguration : spring.jpa.open-in-view is enabled by default. Therefore, database queries may be performed during view rendering. Explicitly configure spring.jpa.open-in-view to disable this warning
2024-05-08T01:18:00.611-07:00  INFO 13912 --- [main] o.s.b.a.h2.H2ConsoleAutoConfiguration    : H2 console available at '/db-console'. Database available at 'jdbc:h2:file:./db/library'
2024-05-08T01:18:00.838-07:00  INFO 13912 --- [main] c.e.l.service.BookServiceTest            : Started BookServiceTest in 11.983 seconds (process running for 14.433)
2024-05-08T01:18:01.273-07:00  INFO 13912 --- [main] c.e.l.aspect.LogTimeAspect               : KPI[method-execution]	for: String com.example.library_management_system.service.PatronService.insert(PatronDto)	with args:([Ljava.lang.Object;@71b6edfb) 		took:405ms
2024-05-08T01:18:01.274-07:00  INFO 13912 --- [main] c.e.l.aspect.LogTimeAspect               : patron with name: Patron1 inserted
2024-05-08T01:18:01.284-07:00  INFO 13912 --- [main] c.e.l.aspect.LogTimeAspect               : KPI[method-execution]	for: String com.example.library_management_system.service.PatronService.insert(PatronDto)	with args:([Ljava.lang.Object;@771b2b5b) 		took:10ms
2024-05-08T01:18:01.284-07:00  INFO 13912 --- [main] c.e.l.aspect.LogTimeAspect               : patron with name: Patron2 inserted
2024-05-08T01:18:01.309-07:00  INFO 13912 --- [main] c.e.l.aspect.LogTimeAspect               : KPI[method-execution]	for: String com.example.library_management_system.service.BookService.insert(BookDto)	with args:([Ljava.lang.Object;@1ead6e20) 		took:24ms
2024-05-08T01:18:01.309-07:00  INFO 13912 --- [main] c.e.l.aspect.LogTimeAspect               : book with title Book1 inserted
2024-05-08T01:18:01.317-07:00  INFO 13912 --- [main] c.e.l.aspect.LogTimeAspect               : KPI[method-execution]	for: String com.example.library_management_system.service.BookService.insert(BookDto)	with args:([Ljava.lang.Object;@73ba3c4b) 		took:8ms
2024-05-08T01:18:01.317-07:00  INFO 13912 --- [main] c.e.l.aspect.LogTimeAspect               : book with title Book2 inserted
2024-05-08T01:18:02.845-07:00  INFO 13912 --- [SpringApplicationShutdownHook] j.LocalContainerEntityManagerFactoryBean : Closing JPA EntityManagerFactory for persistence unit 'default'
2024-05-08T01:18:02.860-07:00  INFO 13912 --- [SpringApplicationShutdownHook] com.zaxxer.hikari.HikariDataSource       : HikariPool-1 - Shutdown initiated...
2024-05-08T01:18:02.869-07:00  INFO 13912 --- [SpringApplicationShutdownHook] com.zaxxer.hikari.HikariDataSource       : HikariPool-1 - Shutdown completed.
2024-05-08T01:18:53.976-07:00  INFO 12316 --- [main] c.e.l.service.BookServiceTest            : Starting BookServiceTest using Java 20.0.2 with PID 12316 (started by Ahmed in F:\leetcode\maids.cc-task\library_management_system\library_management_system)
2024-05-08T01:18:53.980-07:00  INFO 12316 --- [main] c.e.l.service.BookServiceTest            : No active profile set, falling back to 1 default profile: "default"
2024-05-08T01:18:55.685-07:00  INFO 12316 --- [main] .s.d.r.c.RepositoryConfigurationDelegate : Bootstrapping Spring Data JPA repositories in DEFAULT mode.
2024-05-08T01:18:55.849-07:00  INFO 12316 --- [main] .s.d.r.c.RepositoryConfigurationDelegate : Finished Spring Data repository scanning in 147 ms. Found 3 JPA repository interfaces.
2024-05-08T01:18:57.427-07:00  INFO 12316 --- [main] o.hibernate.jpa.internal.util.LogHelper  : HHH000204: Processing PersistenceUnitInfo [name: default]
2024-05-08T01:18:57.549-07:00  INFO 12316 --- [main] org.hibernate.Version                    : HHH000412: Hibernate ORM core version 6.2.24.Final
2024-05-08T01:18:57.555-07:00  INFO 12316 --- [main] org.hibernate.cfg.Environment            : HHH000406: Using bytecode reflection optimizer
2024-05-08T01:18:58.249-07:00  INFO 12316 --- [main] o.s.o.j.p.SpringPersistenceUnitInfo      : No LoadTimeWeaver setup: ignoring JPA class transformer
2024-05-08T01:18:58.302-07:00  INFO 12316 --- [main] com.zaxxer.hikari.HikariDataSource       : HikariPool-1 - Starting...
2024-05-08T01:18:58.771-07:00  INFO 12316 --- [main] com.zaxxer.hikari.pool.HikariPool        : HikariPool-1 - Added connection conn0: url=jdbc:h2:file:./db/library user=ADDMIN
2024-05-08T01:18:58.775-07:00  INFO 12316 --- [main] com.zaxxer.hikari.HikariDataSource       : HikariPool-1 - Start completed.
2024-05-08T01:18:58.844-07:00  WARN 12316 --- [main] org.hibernate.orm.deprecation            : HHH90000025: H2Dialect does not need to be specified explicitly using 'hibernate.dialect' (remove the property setting and it will be selected by default)
2024-05-08T01:19:00.636-07:00  INFO 12316 --- [main] o.h.e.t.j.p.i.JtaPlatformInitiator       : HHH000489: No JTA platform available (set 'hibernate.transaction.jta.platform' to enable JTA platform integration)
2024-05-08T01:19:00.724-07:00  INFO 12316 --- [main] j.LocalContainerEntityManagerFactoryBean : Initialized JPA EntityManagerFactory for persistence unit 'default'
2024-05-08T01:19:03.130-07:00  WARN 12316 --- [main] JpaBaseConfiguration$JpaWebConfiguration : spring.jpa.open-in-view is enabled by default. Therefore, database queries may be performed during view rendering. Explicitly configure spring.jpa.open-in-view to disable this warning
2024-05-08T01:19:04.446-07:00  INFO 12316 --- [main] o.s.b.a.h2.H2ConsoleAutoConfiguration    : H2 console available at '/db-console'. Database available at 'jdbc:h2:file:./db/library'
2024-05-08T01:19:04.659-07:00  INFO 12316 --- [main] c.e.l.service.BookServiceTest            : Started BookServiceTest in 11.5 seconds (process running for 13.968)
2024-05-08T01:19:05.119-07:00  INFO 12316 --- [main] c.e.l.aspect.LogTimeAspect               : KPI[method-execution]	for: String com.example.library_management_system.service.PatronService.insert(PatronDto)	with args:([Ljava.lang.Object;@5481f204) 		took:442ms
2024-05-08T01:19:05.121-07:00  INFO 12316 --- [main] c.e.l.aspect.LogTimeAspect               : patron with name: Patron1 inserted
2024-05-08T01:19:05.132-07:00  INFO 12316 --- [main] c.e.l.aspect.LogTimeAspect               : KPI[method-execution]	for: String com.example.library_management_system.service.PatronService.insert(PatronDto)	with args:([Ljava.lang.Object;@534c3b9d) 		took:11ms
2024-05-08T01:19:05.132-07:00  INFO 12316 --- [main] c.e.l.aspect.LogTimeAspect               : patron with name: Patron2 inserted
2024-05-08T01:19:05.151-07:00  INFO 12316 --- [main] c.e.l.aspect.LogTimeAspect               : KPI[method-execution]	for: String com.example.library_management_system.service.BookService.insert(BookDto)	with args:([Ljava.lang.Object;@24ffe853) 		took:18ms
2024-05-08T01:19:05.151-07:00  INFO 12316 --- [main] c.e.l.aspect.LogTimeAspect               : book with title Book1 inserted
2024-05-08T01:19:05.158-07:00  INFO 12316 --- [main] c.e.l.aspect.LogTimeAspect               : KPI[method-execution]	for: String com.example.library_management_system.service.BookService.insert(BookDto)	with args:([Ljava.lang.Object;@2060df8) 		took:6ms
2024-05-08T01:19:05.158-07:00  INFO 12316 --- [main] c.e.l.aspect.LogTimeAspect               : book with title Book2 inserted
2024-05-08T01:19:07.309-07:00  INFO 12316 --- [SpringApplicationShutdownHook] j.LocalContainerEntityManagerFactoryBean : Closing JPA EntityManagerFactory for persistence unit 'default'
2024-05-08T01:19:07.362-07:00  INFO 12316 --- [SpringApplicationShutdownHook] com.zaxxer.hikari.HikariDataSource       : HikariPool-1 - Shutdown initiated...
2024-05-08T01:19:07.394-07:00  INFO 12316 --- [SpringApplicationShutdownHook] com.zaxxer.hikari.HikariDataSource       : HikariPool-1 - Shutdown completed.
2024-05-08T01:24:23.358-07:00  INFO 11480 --- [main] c.e.l.service.BookServiceTest            : Starting BookServiceTest using Java 20.0.2 with PID 11480 (started by Ahmed in F:\leetcode\maids.cc-task\library_management_system\library_management_system)
2024-05-08T01:24:23.361-07:00  INFO 11480 --- [main] c.e.l.service.BookServiceTest            : No active profile set, falling back to 1 default profile: "default"
2024-05-08T01:24:24.968-07:00  INFO 11480 --- [main] .s.d.r.c.RepositoryConfigurationDelegate : Bootstrapping Spring Data JPA repositories in DEFAULT mode.
2024-05-08T01:24:25.112-07:00  INFO 11480 --- [main] .s.d.r.c.RepositoryConfigurationDelegate : Finished Spring Data repository scanning in 126 ms. Found 3 JPA repository interfaces.
2024-05-08T01:24:26.566-07:00  INFO 11480 --- [main] o.hibernate.jpa.internal.util.LogHelper  : HHH000204: Processing PersistenceUnitInfo [name: default]
2024-05-08T01:24:26.695-07:00  INFO 11480 --- [main] org.hibernate.Version                    : HHH000412: Hibernate ORM core version 6.2.24.Final
2024-05-08T01:24:26.701-07:00  INFO 11480 --- [main] org.hibernate.cfg.Environment            : HHH000406: Using bytecode reflection optimizer
2024-05-08T01:24:27.365-07:00  INFO 11480 --- [main] o.s.o.j.p.SpringPersistenceUnitInfo      : No LoadTimeWeaver setup: ignoring JPA class transformer
2024-05-08T01:24:27.431-07:00  INFO 11480 --- [main] com.zaxxer.hikari.HikariDataSource       : HikariPool-1 - Starting...
2024-05-08T01:24:27.893-07:00  INFO 11480 --- [main] com.zaxxer.hikari.pool.HikariPool        : HikariPool-1 - Added connection conn0: url=jdbc:h2:file:./db/library user=ADDMIN
2024-05-08T01:24:27.896-07:00  INFO 11480 --- [main] com.zaxxer.hikari.HikariDataSource       : HikariPool-1 - Start completed.
2024-05-08T01:24:27.954-07:00  WARN 11480 --- [main] org.hibernate.orm.deprecation            : HHH90000025: H2Dialect does not need to be specified explicitly using 'hibernate.dialect' (remove the property setting and it will be selected by default)
2024-05-08T01:24:29.828-07:00  INFO 11480 --- [main] o.h.e.t.j.p.i.JtaPlatformInitiator       : HHH000489: No JTA platform available (set 'hibernate.transaction.jta.platform' to enable JTA platform integration)
2024-05-08T01:24:29.932-07:00  INFO 11480 --- [main] j.LocalContainerEntityManagerFactoryBean : Initialized JPA EntityManagerFactory for persistence unit 'default'
2024-05-08T01:24:32.369-07:00  WARN 11480 --- [main] JpaBaseConfiguration$JpaWebConfiguration : spring.jpa.open-in-view is enabled by default. Therefore, database queries may be performed during view rendering. Explicitly configure spring.jpa.open-in-view to disable this warning
2024-05-08T01:24:33.621-07:00  INFO 11480 --- [main] o.s.b.a.h2.H2ConsoleAutoConfiguration    : H2 console available at '/db-console'. Database available at 'jdbc:h2:file:./db/library'
2024-05-08T01:24:33.850-07:00  INFO 11480 --- [main] c.e.l.service.BookServiceTest            : Started BookServiceTest in 11.192 seconds (process running for 13.457)
2024-05-08T01:24:34.265-07:00  INFO 11480 --- [main] c.e.l.aspect.LogTimeAspect               : KPI[method-execution]	for: String com.example.library_management_system.service.PatronService.insert(PatronDto)	with args:([Ljava.lang.Object;@4c5e123d) 		took:402ms
2024-05-08T01:24:34.267-07:00  INFO 11480 --- [main] c.e.l.aspect.LogTimeAspect               : patron with name: Patron1 inserted
2024-05-08T01:24:34.278-07:00  INFO 11480 --- [main] c.e.l.aspect.LogTimeAspect               : KPI[method-execution]	for: String com.example.library_management_system.service.PatronService.insert(PatronDto)	with args:([Ljava.lang.Object;@257e8c43) 		took:10ms
2024-05-08T01:24:34.278-07:00  INFO 11480 --- [main] c.e.l.aspect.LogTimeAspect               : patron with name: Patron2 inserted
2024-05-08T01:24:34.298-07:00  INFO 11480 --- [main] c.e.l.aspect.LogTimeAspect               : KPI[method-execution]	for: String com.example.library_management_system.service.BookService.insert(BookDto)	with args:([Ljava.lang.Object;@322399e6) 		took:19ms
2024-05-08T01:24:34.298-07:00  INFO 11480 --- [main] c.e.l.aspect.LogTimeAspect               : book with title Book1 inserted
2024-05-08T01:24:34.304-07:00  INFO 11480 --- [main] c.e.l.aspect.LogTimeAspect               : KPI[method-execution]	for: String com.example.library_management_system.service.BookService.insert(BookDto)	with args:([Ljava.lang.Object;@16df0ebd) 		took:6ms
2024-05-08T01:24:34.304-07:00  INFO 11480 --- [main] c.e.l.aspect.LogTimeAspect               : book with title Book2 inserted
2024-05-08T01:24:36.242-07:00  INFO 11480 --- [SpringApplicationShutdownHook] j.LocalContainerEntityManagerFactoryBean : Closing JPA EntityManagerFactory for persistence unit 'default'
2024-05-08T01:24:36.637-07:00  INFO 11480 --- [SpringApplicationShutdownHook] com.zaxxer.hikari.HikariDataSource       : HikariPool-1 - Shutdown initiated...
2024-05-08T01:24:36.754-07:00  INFO 11480 --- [SpringApplicationShutdownHook] com.zaxxer.hikari.HikariDataSource       : HikariPool-1 - Shutdown completed.
2024-05-08T01:33:20.668-07:00  INFO 10388 --- [main] c.e.l.service.BookServiceTest            : Starting BookServiceTest using Java 20.0.2 with PID 10388 (started by Ahmed in F:\leetcode\maids.cc-task\library_management_system\library_management_system)
2024-05-08T01:33:20.671-07:00  INFO 10388 --- [main] c.e.l.service.BookServiceTest            : No active profile set, falling back to 1 default profile: "default"
2024-05-08T01:33:22.366-07:00  INFO 10388 --- [main] .s.d.r.c.RepositoryConfigurationDelegate : Bootstrapping Spring Data JPA repositories in DEFAULT mode.
2024-05-08T01:33:22.507-07:00  INFO 10388 --- [main] .s.d.r.c.RepositoryConfigurationDelegate : Finished Spring Data repository scanning in 121 ms. Found 3 JPA repository interfaces.
2024-05-08T01:33:23.952-07:00  INFO 10388 --- [main] o.hibernate.jpa.internal.util.LogHelper  : HHH000204: Processing PersistenceUnitInfo [name: default]
2024-05-08T01:33:24.058-07:00  INFO 10388 --- [main] org.hibernate.Version                    : HHH000412: Hibernate ORM core version 6.2.24.Final
2024-05-08T01:33:24.064-07:00  INFO 10388 --- [main] org.hibernate.cfg.Environment            : HHH000406: Using bytecode reflection optimizer
2024-05-08T01:33:24.783-07:00  INFO 10388 --- [main] o.s.o.j.p.SpringPersistenceUnitInfo      : No LoadTimeWeaver setup: ignoring JPA class transformer
2024-05-08T01:33:24.838-07:00  INFO 10388 --- [main] com.zaxxer.hikari.HikariDataSource       : HikariPool-1 - Starting...
2024-05-08T01:33:25.255-07:00  INFO 10388 --- [main] com.zaxxer.hikari.pool.HikariPool        : HikariPool-1 - Added connection conn0: url=jdbc:h2:file:./db/library user=ADDMIN
2024-05-08T01:33:25.258-07:00  INFO 10388 --- [main] com.zaxxer.hikari.HikariDataSource       : HikariPool-1 - Start completed.
2024-05-08T01:33:25.303-07:00  WARN 10388 --- [main] org.hibernate.orm.deprecation            : HHH90000025: H2Dialect does not need to be specified explicitly using 'hibernate.dialect' (remove the property setting and it will be selected by default)
2024-05-08T01:33:27.645-07:00  INFO 10388 --- [main] o.h.e.t.j.p.i.JtaPlatformInitiator       : HHH000489: No JTA platform available (set 'hibernate.transaction.jta.platform' to enable JTA platform integration)
2024-05-08T01:33:27.733-07:00  INFO 10388 --- [main] j.LocalContainerEntityManagerFactoryBean : Initialized JPA EntityManagerFactory for persistence unit 'default'
2024-05-08T01:33:30.412-07:00  WARN 10388 --- [main] JpaBaseConfiguration$JpaWebConfiguration : spring.jpa.open-in-view is enabled by default. Therefore, database queries may be performed during view rendering. Explicitly configure spring.jpa.open-in-view to disable this warning
2024-05-08T01:33:31.754-07:00  INFO 10388 --- [main] o.s.b.a.h2.H2ConsoleAutoConfiguration    : H2 console available at '/db-console'. Database available at 'jdbc:h2:file:./db/library'
2024-05-08T01:33:31.991-07:00  INFO 10388 --- [main] c.e.l.service.BookServiceTest            : Started BookServiceTest in 12.032 seconds (process running for 14.237)
2024-05-08T01:33:32.409-07:00  INFO 10388 --- [main] c.e.l.aspect.LogTimeAspect               : KPI[method-execution]	for: String com.example.library_management_system.service.PatronService.insert(PatronDto)	with args:([Ljava.lang.Object;@7fb28ed) 		took:402ms
2024-05-08T01:33:32.411-07:00  INFO 10388 --- [main] c.e.l.aspect.LogTimeAspect               : patron with name: Patron1 inserted
2024-05-08T01:33:32.422-07:00  INFO 10388 --- [main] c.e.l.aspect.LogTimeAspect               : KPI[method-execution]	for: String com.example.library_management_system.service.PatronService.insert(PatronDto)	with args:([Ljava.lang.Object;@18bab95b) 		took:11ms
2024-05-08T01:33:32.422-07:00  INFO 10388 --- [main] c.e.l.aspect.LogTimeAspect               : patron with name: Patron2 inserted
2024-05-08T01:33:32.443-07:00  INFO 10388 --- [main] c.e.l.aspect.LogTimeAspect               : KPI[method-execution]	for: String com.example.library_management_system.service.BookService.insert(BookDto)	with args:([Ljava.lang.Object;@53a645a2) 		took:20ms
2024-05-08T01:33:32.443-07:00  INFO 10388 --- [main] c.e.l.aspect.LogTimeAspect               : book with title Book1 inserted
2024-05-08T01:33:32.449-07:00  INFO 10388 --- [main] c.e.l.aspect.LogTimeAspect               : KPI[method-execution]	for: String com.example.library_management_system.service.BookService.insert(BookDto)	with args:([Ljava.lang.Object;@18f1a81a) 		took:5ms
2024-05-08T01:33:32.449-07:00  INFO 10388 --- [main] c.e.l.aspect.LogTimeAspect               : book with title Book2 inserted
2024-05-08T01:33:34.217-07:00  INFO 10388 --- [SpringApplicationShutdownHook] j.LocalContainerEntityManagerFactoryBean : Closing JPA EntityManagerFactory for persistence unit 'default'
2024-05-08T01:33:34.730-07:00  INFO 10388 --- [SpringApplicationShutdownHook] com.zaxxer.hikari.HikariDataSource       : HikariPool-1 - Shutdown initiated...
2024-05-08T01:33:34.806-07:00  INFO 10388 --- [SpringApplicationShutdownHook] com.zaxxer.hikari.HikariDataSource       : HikariPool-1 - Shutdown completed.
2024-05-08T01:33:44.854-07:00  INFO 1648 --- [main] c.e.l.service.BookServiceTest            : Starting BookServiceTest using Java 20.0.2 with PID 1648 (started by Ahmed in F:\leetcode\maids.cc-task\library_management_system\library_management_system)
2024-05-08T01:33:44.858-07:00  INFO 1648 --- [main] c.e.l.service.BookServiceTest            : No active profile set, falling back to 1 default profile: "default"
2024-05-08T01:33:46.535-07:00  INFO 1648 --- [main] .s.d.r.c.RepositoryConfigurationDelegate : Bootstrapping Spring Data JPA repositories in DEFAULT mode.
2024-05-08T01:33:46.698-07:00  INFO 1648 --- [main] .s.d.r.c.RepositoryConfigurationDelegate : Finished Spring Data repository scanning in 142 ms. Found 3 JPA repository interfaces.
2024-05-08T01:33:48.101-07:00  INFO 1648 --- [main] o.hibernate.jpa.internal.util.LogHelper  : HHH000204: Processing PersistenceUnitInfo [name: default]
2024-05-08T01:33:48.222-07:00  INFO 1648 --- [main] org.hibernate.Version                    : HHH000412: Hibernate ORM core version 6.2.24.Final
2024-05-08T01:33:48.228-07:00  INFO 1648 --- [main] org.hibernate.cfg.Environment            : HHH000406: Using bytecode reflection optimizer
2024-05-08T01:33:48.968-07:00  INFO 1648 --- [main] o.s.o.j.p.SpringPersistenceUnitInfo      : No LoadTimeWeaver setup: ignoring JPA class transformer
2024-05-08T01:33:49.018-07:00  INFO 1648 --- [main] com.zaxxer.hikari.HikariDataSource       : HikariPool-1 - Starting...
2024-05-08T01:33:49.467-07:00  INFO 1648 --- [main] com.zaxxer.hikari.pool.HikariPool        : HikariPool-1 - Added connection conn0: url=jdbc:h2:file:./db/library user=ADDMIN
2024-05-08T01:33:49.470-07:00  INFO 1648 --- [main] com.zaxxer.hikari.HikariDataSource       : HikariPool-1 - Start completed.
2024-05-08T01:33:49.535-07:00  WARN 1648 --- [main] org.hibernate.orm.deprecation            : HHH90000025: H2Dialect does not need to be specified explicitly using 'hibernate.dialect' (remove the property setting and it will be selected by default)
2024-05-08T01:33:51.385-07:00  INFO 1648 --- [main] o.h.e.t.j.p.i.JtaPlatformInitiator       : HHH000489: No JTA platform available (set 'hibernate.transaction.jta.platform' to enable JTA platform integration)
2024-05-08T01:33:51.477-07:00  INFO 1648 --- [main] j.LocalContainerEntityManagerFactoryBean : Initialized JPA EntityManagerFactory for persistence unit 'default'
2024-05-08T01:33:54.211-07:00  WARN 1648 --- [main] JpaBaseConfiguration$JpaWebConfiguration : spring.jpa.open-in-view is enabled by default. Therefore, database queries may be performed during view rendering. Explicitly configure spring.jpa.open-in-view to disable this warning
2024-05-08T01:33:55.560-07:00  INFO 1648 --- [main] o.s.b.a.h2.H2ConsoleAutoConfiguration    : H2 console available at '/db-console'. Database available at 'jdbc:h2:file:./db/library'
2024-05-08T01:33:55.828-07:00  INFO 1648 --- [main] c.e.l.service.BookServiceTest            : Started BookServiceTest in 11.656 seconds (process running for 13.886)
2024-05-08T01:33:56.244-07:00  INFO 1648 --- [main] c.e.l.aspect.LogTimeAspect               : KPI[method-execution]	for: String com.example.library_management_system.service.PatronService.insert(PatronDto)	with args:([Ljava.lang.Object;@7fb28ed) 		took:400ms
2024-05-08T01:33:56.247-07:00  INFO 1648 --- [main] c.e.l.aspect.LogTimeAspect               : patron with name: Patron1 inserted
2024-05-08T01:33:56.259-07:00  INFO 1648 --- [main] c.e.l.aspect.LogTimeAspect               : KPI[method-execution]	for: String com.example.library_management_system.service.PatronService.insert(PatronDto)	with args:([Ljava.lang.Object;@18bab95b) 		took:12ms
2024-05-08T01:33:56.259-07:00  INFO 1648 --- [main] c.e.l.aspect.LogTimeAspect               : patron with name: Patron2 inserted
2024-05-08T01:33:56.276-07:00  INFO 1648 --- [main] c.e.l.aspect.LogTimeAspect               : KPI[method-execution]	for: String com.example.library_management_system.service.BookService.insert(BookDto)	with args:([Ljava.lang.Object;@53a645a2) 		took:17ms
2024-05-08T01:33:56.276-07:00  INFO 1648 --- [main] c.e.l.aspect.LogTimeAspect               : book with title Book1 inserted
2024-05-08T01:33:56.284-07:00  INFO 1648 --- [main] c.e.l.aspect.LogTimeAspect               : KPI[method-execution]	for: String com.example.library_management_system.service.BookService.insert(BookDto)	with args:([Ljava.lang.Object;@18f1a81a) 		took:7ms
2024-05-08T01:33:56.284-07:00  INFO 1648 --- [main] c.e.l.aspect.LogTimeAspect               : book with title Book2 inserted
2024-05-08T01:33:58.259-07:00  INFO 1648 --- [SpringApplicationShutdownHook] j.LocalContainerEntityManagerFactoryBean : Closing JPA EntityManagerFactory for persistence unit 'default'
2024-05-08T01:33:58.608-07:00  INFO 1648 --- [SpringApplicationShutdownHook] com.zaxxer.hikari.HikariDataSource       : HikariPool-1 - Shutdown initiated...
2024-05-08T01:33:58.658-07:00  INFO 1648 --- [SpringApplicationShutdownHook] com.zaxxer.hikari.HikariDataSource       : HikariPool-1 - Shutdown completed.
2024-05-08T01:34:09.804-07:00  INFO 10588 --- [main] c.e.l.service.BookServiceTest            : Starting BookServiceTest using Java 20.0.2 with PID 10588 (started by Ahmed in F:\leetcode\maids.cc-task\library_management_system\library_management_system)
2024-05-08T01:34:09.807-07:00  INFO 10588 --- [main] c.e.l.service.BookServiceTest            : No active profile set, falling back to 1 default profile: "default"
2024-05-08T01:34:11.386-07:00  INFO 10588 --- [main] .s.d.r.c.RepositoryConfigurationDelegate : Bootstrapping Spring Data JPA repositories in DEFAULT mode.
2024-05-08T01:34:11.537-07:00  INFO 10588 --- [main] .s.d.r.c.RepositoryConfigurationDelegate : Finished Spring Data repository scanning in 129 ms. Found 3 JPA repository interfaces.
2024-05-08T01:34:12.991-07:00  INFO 10588 --- [main] o.hibernate.jpa.internal.util.LogHelper  : HHH000204: Processing PersistenceUnitInfo [name: default]
2024-05-08T01:34:13.105-07:00  INFO 10588 --- [main] org.hibernate.Version                    : HHH000412: Hibernate ORM core version 6.2.24.Final
2024-05-08T01:34:13.108-07:00  INFO 10588 --- [main] org.hibernate.cfg.Environment            : HHH000406: Using bytecode reflection optimizer
2024-05-08T01:34:13.774-07:00  INFO 10588 --- [main] o.s.o.j.p.SpringPersistenceUnitInfo      : No LoadTimeWeaver setup: ignoring JPA class transformer
2024-05-08T01:34:13.823-07:00  INFO 10588 --- [main] com.zaxxer.hikari.HikariDataSource       : HikariPool-1 - Starting...
2024-05-08T01:34:14.263-07:00  INFO 10588 --- [main] com.zaxxer.hikari.pool.HikariPool        : HikariPool-1 - Added connection conn0: url=jdbc:h2:file:./db/library user=ADDMIN
2024-05-08T01:34:14.267-07:00  INFO 10588 --- [main] com.zaxxer.hikari.HikariDataSource       : HikariPool-1 - Start completed.
2024-05-08T01:34:14.314-07:00  WARN 10588 --- [main] org.hibernate.orm.deprecation            : HHH90000025: H2Dialect does not need to be specified explicitly using 'hibernate.dialect' (remove the property setting and it will be selected by default)
2024-05-08T01:34:15.887-07:00  INFO 10588 --- [main] o.h.e.t.j.p.i.JtaPlatformInitiator       : HHH000489: No JTA platform available (set 'hibernate.transaction.jta.platform' to enable JTA platform integration)
2024-05-08T01:34:15.983-07:00  INFO 10588 --- [main] j.LocalContainerEntityManagerFactoryBean : Initialized JPA EntityManagerFactory for persistence unit 'default'
2024-05-08T01:34:18.247-07:00  WARN 10588 --- [main] JpaBaseConfiguration$JpaWebConfiguration : spring.jpa.open-in-view is enabled by default. Therefore, database queries may be performed during view rendering. Explicitly configure spring.jpa.open-in-view to disable this warning
2024-05-08T01:34:19.556-07:00  INFO 10588 --- [main] o.s.b.a.h2.H2ConsoleAutoConfiguration    : H2 console available at '/db-console'. Database available at 'jdbc:h2:file:./db/library'
2024-05-08T01:34:19.829-07:00  INFO 10588 --- [main] c.e.l.service.BookServiceTest            : Started BookServiceTest in 10.705 seconds (process running for 13.051)
2024-05-08T01:34:20.262-07:00  INFO 10588 --- [main] c.e.l.aspect.LogTimeAspect               : KPI[method-execution]	for: String com.example.library_management_system.service.PatronService.insert(PatronDto)	with args:([Ljava.lang.Object;@3b9c386d) 		took:416ms
2024-05-08T01:34:20.264-07:00  INFO 10588 --- [main] c.e.l.aspect.LogTimeAspect               : patron with name: Patron1 inserted
2024-05-08T01:34:20.275-07:00  INFO 10588 --- [main] c.e.l.aspect.LogTimeAspect               : KPI[method-execution]	for: String com.example.library_management_system.service.PatronService.insert(PatronDto)	with args:([Ljava.lang.Object;@18bab95b) 		took:11ms
2024-05-08T01:34:20.275-07:00  INFO 10588 --- [main] c.e.l.aspect.LogTimeAspect               : patron with name: Patron2 inserted
2024-05-08T01:34:20.294-07:00  INFO 10588 --- [main] c.e.l.aspect.LogTimeAspect               : KPI[method-execution]	for: String com.example.library_management_system.service.BookService.insert(BookDto)	with args:([Ljava.lang.Object;@53a645a2) 		took:18ms
2024-05-08T01:34:20.295-07:00  INFO 10588 --- [main] c.e.l.aspect.LogTimeAspect               : book with title Book1 inserted
2024-05-08T01:34:20.301-07:00  INFO 10588 --- [main] c.e.l.aspect.LogTimeAspect               : KPI[method-execution]	for: String com.example.library_management_system.service.BookService.insert(BookDto)	with args:([Ljava.lang.Object;@18f1a81a) 		took:6ms
2024-05-08T01:34:20.302-07:00  INFO 10588 --- [main] c.e.l.aspect.LogTimeAspect               : book with title Book2 inserted
2024-05-08T01:34:22.314-07:00  INFO 10588 --- [SpringApplicationShutdownHook] j.LocalContainerEntityManagerFactoryBean : Closing JPA EntityManagerFactory for persistence unit 'default'
2024-05-08T01:34:22.643-07:00  INFO 10588 --- [SpringApplicationShutdownHook] com.zaxxer.hikari.HikariDataSource       : HikariPool-1 - Shutdown initiated...
2024-05-08T01:34:22.811-07:00  INFO 10588 --- [SpringApplicationShutdownHook] com.zaxxer.hikari.HikariDataSource       : HikariPool-1 - Shutdown completed.
2024-05-08T03:46:14.209-07:00  INFO 14776 --- [main] c.e.l.service.PatronServiceTest          : Starting PatronServiceTest using Java 20.0.2 with PID 14776 (started by Ahmed in F:\leetcode\maids.cc-task\library_management_system\library_management_system)
2024-05-08T03:46:14.216-07:00  INFO 14776 --- [main] c.e.l.service.PatronServiceTest          : No active profile set, falling back to 1 default profile: "default"
2024-05-08T03:46:15.894-07:00  INFO 14776 --- [main] .s.d.r.c.RepositoryConfigurationDelegate : Bootstrapping Spring Data JPA repositories in DEFAULT mode.
2024-05-08T03:46:16.030-07:00  INFO 14776 --- [main] .s.d.r.c.RepositoryConfigurationDelegate : Finished Spring Data repository scanning in 116 ms. Found 3 JPA repository interfaces.
2024-05-08T03:46:17.565-07:00  INFO 14776 --- [main] o.hibernate.jpa.internal.util.LogHelper  : HHH000204: Processing PersistenceUnitInfo [name: default]
2024-05-08T03:46:17.724-07:00  INFO 14776 --- [main] org.hibernate.Version                    : HHH000412: Hibernate ORM core version 6.2.24.Final
2024-05-08T03:46:17.729-07:00  INFO 14776 --- [main] org.hibernate.cfg.Environment            : HHH000406: Using bytecode reflection optimizer
2024-05-08T03:46:18.472-07:00  INFO 14776 --- [main] o.s.o.j.p.SpringPersistenceUnitInfo      : No LoadTimeWeaver setup: ignoring JPA class transformer
2024-05-08T03:46:18.538-07:00  INFO 14776 --- [main] com.zaxxer.hikari.HikariDataSource       : HikariPool-1 - Starting...
2024-05-08T03:46:19.122-07:00  INFO 14776 --- [main] com.zaxxer.hikari.pool.HikariPool        : HikariPool-1 - Added connection conn0: url=jdbc:h2:file:./db/library user=ADDMIN
2024-05-08T03:46:19.124-07:00  INFO 14776 --- [main] com.zaxxer.hikari.HikariDataSource       : HikariPool-1 - Start completed.
2024-05-08T03:46:19.194-07:00  WARN 14776 --- [main] org.hibernate.orm.deprecation            : HHH90000025: H2Dialect does not need to be specified explicitly using 'hibernate.dialect' (remove the property setting and it will be selected by default)
2024-05-08T03:46:20.991-07:00  INFO 14776 --- [main] o.h.e.t.j.p.i.JtaPlatformInitiator       : HHH000489: No JTA platform available (set 'hibernate.transaction.jta.platform' to enable JTA platform integration)
2024-05-08T03:46:21.081-07:00  INFO 14776 --- [main] j.LocalContainerEntityManagerFactoryBean : Initialized JPA EntityManagerFactory for persistence unit 'default'
2024-05-08T03:46:23.587-07:00  WARN 14776 --- [main] JpaBaseConfiguration$JpaWebConfiguration : spring.jpa.open-in-view is enabled by default. Therefore, database queries may be performed during view rendering. Explicitly configure spring.jpa.open-in-view to disable this warning
2024-05-08T03:46:24.905-07:00  INFO 14776 --- [main] o.s.b.a.h2.H2ConsoleAutoConfiguration    : H2 console available at '/db-console'. Database available at 'jdbc:h2:file:./db/library'
2024-05-08T03:46:25.168-07:00  INFO 14776 --- [main] c.e.l.service.PatronServiceTest          : Started PatronServiceTest in 11.656 seconds (process running for 14.179)
2024-05-08T03:46:25.625-07:00  INFO 14776 --- [main] c.e.l.aspect.LogTimeAspect               : KPI[method-execution]	for: String com.example.library_management_system.service.PatronService.insert(PatronDto)	with args:([Ljava.lang.Object;@26398f67) 		took:441ms
2024-05-08T03:46:25.627-07:00  INFO 14776 --- [main] c.e.l.aspect.LogTimeAspect               : patron with name: Patron1 inserted
2024-05-08T03:46:25.638-07:00  INFO 14776 --- [main] c.e.l.aspect.LogTimeAspect               : KPI[method-execution]	for: String com.example.library_management_system.service.PatronService.insert(PatronDto)	with args:([Ljava.lang.Object;@68e6856c) 		took:11ms
2024-05-08T03:46:25.638-07:00  INFO 14776 --- [main] c.e.l.aspect.LogTimeAspect               : patron with name: Patron2 inserted
2024-05-08T03:46:25.658-07:00  INFO 14776 --- [main] c.e.l.aspect.LogTimeAspect               : KPI[method-execution]	for: String com.example.library_management_system.service.BookService.insert(BookDto)	with args:([Ljava.lang.Object;@2e895acb) 		took:19ms
2024-05-08T03:46:25.658-07:00  INFO 14776 --- [main] c.e.l.aspect.LogTimeAspect               : book with title Book1 inserted
2024-05-08T03:46:25.665-07:00  INFO 14776 --- [main] c.e.l.aspect.LogTimeAspect               : KPI[method-execution]	for: String com.example.library_management_system.service.BookService.insert(BookDto)	with args:([Ljava.lang.Object;@1f41f259) 		took:7ms
2024-05-08T03:46:25.665-07:00  INFO 14776 --- [main] c.e.l.aspect.LogTimeAspect               : book with title Book2 inserted
2024-05-08T03:46:27.626-07:00  INFO 14776 --- [SpringApplicationShutdownHook] j.LocalContainerEntityManagerFactoryBean : Closing JPA EntityManagerFactory for persistence unit 'default'
2024-05-08T03:46:27.950-07:00  INFO 14776 --- [SpringApplicationShutdownHook] com.zaxxer.hikari.HikariDataSource       : HikariPool-1 - Shutdown initiated...
2024-05-08T03:46:28.213-07:00  INFO 14776 --- [SpringApplicationShutdownHook] com.zaxxer.hikari.HikariDataSource       : HikariPool-1 - Shutdown completed.
2024-05-08T05:11:48.505-07:00  INFO 14420 --- [main] c.e.l.s.BorrowingRecordServiceTest       : Starting BorrowingRecordServiceTest using Java 20.0.2 with PID 14420 (started by Ahmed in F:\leetcode\maids.cc-task\library_management_system\library_management_system)
2024-05-08T05:11:48.508-07:00  INFO 14420 --- [main] c.e.l.s.BorrowingRecordServiceTest       : No active profile set, falling back to 1 default profile: "default"
2024-05-08T05:11:50.241-07:00  INFO 14420 --- [main] .s.d.r.c.RepositoryConfigurationDelegate : Bootstrapping Spring Data JPA repositories in DEFAULT mode.
2024-05-08T05:11:50.401-07:00  INFO 14420 --- [main] .s.d.r.c.RepositoryConfigurationDelegate : Finished Spring Data repository scanning in 140 ms. Found 3 JPA repository interfaces.
2024-05-08T05:11:51.867-07:00  INFO 14420 --- [main] o.hibernate.jpa.internal.util.LogHelper  : HHH000204: Processing PersistenceUnitInfo [name: default]
2024-05-08T05:11:52.005-07:00  INFO 14420 --- [main] org.hibernate.Version                    : HHH000412: Hibernate ORM core version 6.2.24.Final
2024-05-08T05:11:52.010-07:00  INFO 14420 --- [main] org.hibernate.cfg.Environment            : HHH000406: Using bytecode reflection optimizer
2024-05-08T05:11:52.669-07:00  INFO 14420 --- [main] o.s.o.j.p.SpringPersistenceUnitInfo      : No LoadTimeWeaver setup: ignoring JPA class transformer
2024-05-08T05:11:52.727-07:00  INFO 14420 --- [main] com.zaxxer.hikari.HikariDataSource       : HikariPool-1 - Starting...
2024-05-08T05:11:53.218-07:00  INFO 14420 --- [main] com.zaxxer.hikari.pool.HikariPool        : HikariPool-1 - Added connection conn0: url=jdbc:h2:file:./db/library user=ADDMIN
2024-05-08T05:11:53.223-07:00  INFO 14420 --- [main] com.zaxxer.hikari.HikariDataSource       : HikariPool-1 - Start completed.
2024-05-08T05:11:53.279-07:00  WARN 14420 --- [main] org.hibernate.orm.deprecation            : HHH90000025: H2Dialect does not need to be specified explicitly using 'hibernate.dialect' (remove the property setting and it will be selected by default)
2024-05-08T05:11:55.160-07:00  INFO 14420 --- [main] o.h.e.t.j.p.i.JtaPlatformInitiator       : HHH000489: No JTA platform available (set 'hibernate.transaction.jta.platform' to enable JTA platform integration)
2024-05-08T05:11:55.253-07:00  INFO 14420 --- [main] j.LocalContainerEntityManagerFactoryBean : Initialized JPA EntityManagerFactory for persistence unit 'default'
2024-05-08T05:11:57.522-07:00  WARN 14420 --- [main] JpaBaseConfiguration$JpaWebConfiguration : spring.jpa.open-in-view is enabled by default. Therefore, database queries may be performed during view rendering. Explicitly configure spring.jpa.open-in-view to disable this warning
2024-05-08T05:11:58.786-07:00  INFO 14420 --- [main] o.s.b.a.h2.H2ConsoleAutoConfiguration    : H2 console available at '/db-console'. Database available at 'jdbc:h2:file:./db/library'
2024-05-08T05:11:59.014-07:00  INFO 14420 --- [main] c.e.l.s.BorrowingRecordServiceTest       : Started BorrowingRecordServiceTest in 11.217 seconds (process running for 13.534)
2024-05-08T05:11:59.451-07:00  INFO 14420 --- [main] c.e.l.aspect.LogTimeAspect               : KPI[method-execution]	for: String com.example.library_management_system.service.PatronService.insert(PatronDto)	with args:([Ljava.lang.Object;@63e81ac6) 		took:423ms
2024-05-08T05:11:59.452-07:00  INFO 14420 --- [main] c.e.l.aspect.LogTimeAspect               : patron with name: Patron1 inserted
2024-05-08T05:11:59.461-07:00  INFO 14420 --- [main] c.e.l.aspect.LogTimeAspect               : KPI[method-execution]	for: String com.example.library_management_system.service.PatronService.insert(PatronDto)	with args:([Ljava.lang.Object;@665e18d5) 		took:9ms
2024-05-08T05:11:59.461-07:00  INFO 14420 --- [main] c.e.l.aspect.LogTimeAspect               : patron with name: Patron2 inserted
2024-05-08T05:11:59.480-07:00  INFO 14420 --- [main] c.e.l.aspect.LogTimeAspect               : KPI[method-execution]	for: String com.example.library_management_system.service.BookService.insert(BookDto)	with args:([Ljava.lang.Object;@18a538a0) 		took:18ms
2024-05-08T05:11:59.481-07:00  INFO 14420 --- [main] c.e.l.aspect.LogTimeAspect               : book with title Book1 inserted
2024-05-08T05:11:59.487-07:00  INFO 14420 --- [main] c.e.l.aspect.LogTimeAspect               : KPI[method-execution]	for: String com.example.library_management_system.service.BookService.insert(BookDto)	with args:([Ljava.lang.Object;@257e8c43) 		took:6ms
2024-05-08T05:11:59.487-07:00  INFO 14420 --- [main] c.e.l.aspect.LogTimeAspect               : book with title Book2 inserted
2024-05-08T05:12:01.705-07:00  INFO 14420 --- [SpringApplicationShutdownHook] j.LocalContainerEntityManagerFactoryBean : Closing JPA EntityManagerFactory for persistence unit 'default'
2024-05-08T05:12:02.196-07:00  INFO 14420 --- [SpringApplicationShutdownHook] com.zaxxer.hikari.HikariDataSource       : HikariPool-1 - Shutdown initiated...
2024-05-08T05:12:02.439-07:00  INFO 14420 --- [SpringApplicationShutdownHook] com.zaxxer.hikari.HikariDataSource       : HikariPool-1 - Shutdown completed.
2024-05-08T05:13:20.235-07:00  INFO 10000 --- [main] c.e.l.s.BorrowingRecordServiceTest       : Starting BorrowingRecordServiceTest using Java 20.0.2 with PID 10000 (started by Ahmed in F:\leetcode\maids.cc-task\library_management_system\library_management_system)
2024-05-08T05:13:20.239-07:00  INFO 10000 --- [main] c.e.l.s.BorrowingRecordServiceTest       : No active profile set, falling back to 1 default profile: "default"
2024-05-08T05:13:21.872-07:00  INFO 10000 --- [main] .s.d.r.c.RepositoryConfigurationDelegate : Bootstrapping Spring Data JPA repositories in DEFAULT mode.
2024-05-08T05:13:22.032-07:00  INFO 10000 --- [main] .s.d.r.c.RepositoryConfigurationDelegate : Finished Spring Data repository scanning in 140 ms. Found 3 JPA repository interfaces.
2024-05-08T05:13:23.416-07:00  INFO 10000 --- [main] o.hibernate.jpa.internal.util.LogHelper  : HHH000204: Processing PersistenceUnitInfo [name: default]
2024-05-08T05:13:23.534-07:00  INFO 10000 --- [main] org.hibernate.Version                    : HHH000412: Hibernate ORM core version 6.2.24.Final
2024-05-08T05:13:23.539-07:00  INFO 10000 --- [main] org.hibernate.cfg.Environment            : HHH000406: Using bytecode reflection optimizer
2024-05-08T05:13:24.240-07:00  INFO 10000 --- [main] o.s.o.j.p.SpringPersistenceUnitInfo      : No LoadTimeWeaver setup: ignoring JPA class transformer
2024-05-08T05:13:24.293-07:00  INFO 10000 --- [main] com.zaxxer.hikari.HikariDataSource       : HikariPool-1 - Starting...
2024-05-08T05:13:24.746-07:00  INFO 10000 --- [main] com.zaxxer.hikari.pool.HikariPool        : HikariPool-1 - Added connection conn0: url=jdbc:h2:file:./db/library user=ADDMIN
2024-05-08T05:13:24.749-07:00  INFO 10000 --- [main] com.zaxxer.hikari.HikariDataSource       : HikariPool-1 - Start completed.
2024-05-08T05:13:24.809-07:00  WARN 10000 --- [main] org.hibernate.orm.deprecation            : HHH90000025: H2Dialect does not need to be specified explicitly using 'hibernate.dialect' (remove the property setting and it will be selected by default)
2024-05-08T05:13:26.598-07:00  INFO 10000 --- [main] o.h.e.t.j.p.i.JtaPlatformInitiator       : HHH000489: No JTA platform available (set 'hibernate.transaction.jta.platform' to enable JTA platform integration)
2024-05-08T05:13:26.690-07:00  INFO 10000 --- [main] j.LocalContainerEntityManagerFactoryBean : Initialized JPA EntityManagerFactory for persistence unit 'default'
2024-05-08T05:13:29.236-07:00  WARN 10000 --- [main] JpaBaseConfiguration$JpaWebConfiguration : spring.jpa.open-in-view is enabled by default. Therefore, database queries may be performed during view rendering. Explicitly configure spring.jpa.open-in-view to disable this warning
2024-05-08T05:13:30.825-07:00  INFO 10000 --- [main] o.s.b.a.h2.H2ConsoleAutoConfiguration    : H2 console available at '/db-console'. Database available at 'jdbc:h2:file:./db/library'
2024-05-08T05:13:31.151-07:00  INFO 10000 --- [main] c.e.l.s.BorrowingRecordServiceTest       : Started BorrowingRecordServiceTest in 11.589 seconds (process running for 13.947)
2024-05-08T05:13:31.661-07:00  INFO 10000 --- [main] c.e.l.aspect.LogTimeAspect               : KPI[method-execution]	for: String com.example.library_management_system.service.PatronService.insert(PatronDto)	with args:([Ljava.lang.Object;@6e68ccc9) 		took:491ms
2024-05-08T05:13:31.662-07:00  INFO 10000 --- [main] c.e.l.aspect.LogTimeAspect               : patron with name: Patron1 inserted
2024-05-08T05:13:31.672-07:00  INFO 10000 --- [main] c.e.l.aspect.LogTimeAspect               : KPI[method-execution]	for: String com.example.library_management_system.service.PatronService.insert(PatronDto)	with args:([Ljava.lang.Object;@50f65fe0) 		took:9ms
2024-05-08T05:13:31.672-07:00  INFO 10000 --- [main] c.e.l.aspect.LogTimeAspect               : patron with name: Patron2 inserted
2024-05-08T05:13:31.692-07:00  INFO 10000 --- [main] c.e.l.aspect.LogTimeAspect               : KPI[method-execution]	for: String com.example.library_management_system.service.BookService.insert(BookDto)	with args:([Ljava.lang.Object;@4f96e484) 		took:19ms
2024-05-08T05:13:31.693-07:00  INFO 10000 --- [main] c.e.l.aspect.LogTimeAspect               : book with title Book1 inserted
2024-05-08T05:13:31.700-07:00  INFO 10000 --- [main] c.e.l.aspect.LogTimeAspect               : KPI[method-execution]	for: String com.example.library_management_system.service.BookService.insert(BookDto)	with args:([Ljava.lang.Object;@443d94ae) 		took:7ms
2024-05-08T05:13:31.700-07:00  INFO 10000 --- [main] c.e.l.aspect.LogTimeAspect               : book with title Book2 inserted
2024-05-08T05:13:33.712-07:00  INFO 10000 --- [SpringApplicationShutdownHook] j.LocalContainerEntityManagerFactoryBean : Closing JPA EntityManagerFactory for persistence unit 'default'
2024-05-08T05:13:34.226-07:00  INFO 10000 --- [SpringApplicationShutdownHook] com.zaxxer.hikari.HikariDataSource       : HikariPool-1 - Shutdown initiated...
2024-05-08T05:13:34.305-07:00  INFO 10000 --- [SpringApplicationShutdownHook] com.zaxxer.hikari.HikariDataSource       : HikariPool-1 - Shutdown completed.
2024-05-08T05:18:56.827-07:00  INFO 12852 --- [main] c.e.l.s.BorrowingRecordServiceTest       : Starting BorrowingRecordServiceTest using Java 20.0.2 with PID 12852 (started by Ahmed in F:\leetcode\maids.cc-task\library_management_system\library_management_system)
2024-05-08T05:18:56.831-07:00  INFO 12852 --- [main] c.e.l.s.BorrowingRecordServiceTest       : No active profile set, falling back to 1 default profile: "default"
2024-05-08T05:18:58.942-07:00  INFO 12852 --- [main] .s.d.r.c.RepositoryConfigurationDelegate : Bootstrapping Spring Data JPA repositories in DEFAULT mode.
2024-05-08T05:18:59.141-07:00  INFO 12852 --- [main] .s.d.r.c.RepositoryConfigurationDelegate : Finished Spring Data repository scanning in 166 ms. Found 3 JPA repository interfaces.
2024-05-08T05:19:01.257-07:00  INFO 12852 --- [main] o.hibernate.jpa.internal.util.LogHelper  : HHH000204: Processing PersistenceUnitInfo [name: default]
2024-05-08T05:19:01.448-07:00  INFO 12852 --- [main] org.hibernate.Version                    : HHH000412: Hibernate ORM core version 6.2.24.Final
2024-05-08T05:19:01.456-07:00  INFO 12852 --- [main] org.hibernate.cfg.Environment            : HHH000406: Using bytecode reflection optimizer
2024-05-08T05:19:02.330-07:00  INFO 12852 --- [main] o.s.o.j.p.SpringPersistenceUnitInfo      : No LoadTimeWeaver setup: ignoring JPA class transformer
2024-05-08T05:19:02.401-07:00  INFO 12852 --- [main] com.zaxxer.hikari.HikariDataSource       : HikariPool-1 - Starting...
2024-05-08T05:19:02.928-07:00  INFO 12852 --- [main] com.zaxxer.hikari.pool.HikariPool        : HikariPool-1 - Added connection conn0: url=jdbc:h2:file:./db/library user=ADDMIN
2024-05-08T05:19:02.932-07:00  INFO 12852 --- [main] com.zaxxer.hikari.HikariDataSource       : HikariPool-1 - Start completed.
2024-05-08T05:19:02.988-07:00  WARN 12852 --- [main] org.hibernate.orm.deprecation            : HHH90000025: H2Dialect does not need to be specified explicitly using 'hibernate.dialect' (remove the property setting and it will be selected by default)
2024-05-08T05:19:04.956-07:00  INFO 12852 --- [main] o.h.e.t.j.p.i.JtaPlatformInitiator       : HHH000489: No JTA platform available (set 'hibernate.transaction.jta.platform' to enable JTA platform integration)
2024-05-08T05:19:05.040-07:00  INFO 12852 --- [main] j.LocalContainerEntityManagerFactoryBean : Initialized JPA EntityManagerFactory for persistence unit 'default'
2024-05-08T05:19:07.568-07:00  WARN 12852 --- [main] JpaBaseConfiguration$JpaWebConfiguration : spring.jpa.open-in-view is enabled by default. Therefore, database queries may be performed during view rendering. Explicitly configure spring.jpa.open-in-view to disable this warning
2024-05-08T05:19:08.926-07:00  INFO 12852 --- [main] o.s.b.a.h2.H2ConsoleAutoConfiguration    : H2 console available at '/db-console'. Database available at 'jdbc:h2:file:./db/library'
2024-05-08T05:19:09.173-07:00  INFO 12852 --- [main] c.e.l.s.BorrowingRecordServiceTest       : Started BorrowingRecordServiceTest in 13.093 seconds (process running for 15.509)
2024-05-08T05:19:09.638-07:00  INFO 12852 --- [main] c.e.l.aspect.LogTimeAspect               : KPI[method-execution]	for: String com.example.library_management_system.service.PatronService.insert(PatronDto)	with args:([Ljava.lang.Object;@401b7226) 		took:449ms
2024-05-08T05:19:09.640-07:00  INFO 12852 --- [main] c.e.l.aspect.LogTimeAspect               : patron with name: Patron1 inserted
2024-05-08T05:19:09.652-07:00  INFO 12852 --- [main] c.e.l.aspect.LogTimeAspect               : KPI[method-execution]	for: String com.example.library_management_system.service.PatronService.insert(PatronDto)	with args:([Ljava.lang.Object;@22bbbe6) 		took:12ms
2024-05-08T05:19:09.652-07:00  INFO 12852 --- [main] c.e.l.aspect.LogTimeAspect               : patron with name: Patron2 inserted
2024-05-08T05:19:09.672-07:00  INFO 12852 --- [main] c.e.l.aspect.LogTimeAspect               : KPI[method-execution]	for: String com.example.library_management_system.service.BookService.insert(BookDto)	with args:([Ljava.lang.Object;@5889e697) 		took:20ms
2024-05-08T05:19:09.672-07:00  INFO 12852 --- [main] c.e.l.aspect.LogTimeAspect               : book with title Book1 inserted
2024-05-08T05:19:09.679-07:00  INFO 12852 --- [main] c.e.l.aspect.LogTimeAspect               : KPI[method-execution]	for: String com.example.library_management_system.service.BookService.insert(BookDto)	with args:([Ljava.lang.Object;@4a9d6eb9) 		took:6ms
2024-05-08T05:19:09.679-07:00  INFO 12852 --- [main] c.e.l.aspect.LogTimeAspect               : book with title Book2 inserted
2024-05-08T05:19:11.824-07:00  INFO 12852 --- [SpringApplicationShutdownHook] j.LocalContainerEntityManagerFactoryBean : Closing JPA EntityManagerFactory for persistence unit 'default'
2024-05-08T05:19:12.314-07:00  INFO 12852 --- [SpringApplicationShutdownHook] com.zaxxer.hikari.HikariDataSource       : HikariPool-1 - Shutdown initiated...
2024-05-08T05:19:12.383-07:00  INFO 12852 --- [SpringApplicationShutdownHook] com.zaxxer.hikari.HikariDataSource       : HikariPool-1 - Shutdown completed.
2024-05-08T05:25:05.878-07:00  INFO 8956 --- [main] c.e.l.s.BorrowingRecordServiceTest       : Starting BorrowingRecordServiceTest using Java 20.0.2 with PID 8956 (started by Ahmed in F:\leetcode\maids.cc-task\library_management_system\library_management_system)
2024-05-08T05:25:05.881-07:00  INFO 8956 --- [main] c.e.l.s.BorrowingRecordServiceTest       : No active profile set, falling back to 1 default profile: "default"
2024-05-08T05:25:07.532-07:00  INFO 8956 --- [main] .s.d.r.c.RepositoryConfigurationDelegate : Bootstrapping Spring Data JPA repositories in DEFAULT mode.
2024-05-08T05:25:07.681-07:00  INFO 8956 --- [main] .s.d.r.c.RepositoryConfigurationDelegate : Finished Spring Data repository scanning in 127 ms. Found 3 JPA repository interfaces.
2024-05-08T05:25:09.129-07:00  INFO 8956 --- [main] o.hibernate.jpa.internal.util.LogHelper  : HHH000204: Processing PersistenceUnitInfo [name: default]
2024-05-08T05:25:09.245-07:00  INFO 8956 --- [main] org.hibernate.Version                    : HHH000412: Hibernate ORM core version 6.2.24.Final
2024-05-08T05:25:09.249-07:00  INFO 8956 --- [main] org.hibernate.cfg.Environment            : HHH000406: Using bytecode reflection optimizer
2024-05-08T05:25:09.964-07:00  INFO 8956 --- [main] o.s.o.j.p.SpringPersistenceUnitInfo      : No LoadTimeWeaver setup: ignoring JPA class transformer
2024-05-08T05:25:10.019-07:00  INFO 8956 --- [main] com.zaxxer.hikari.HikariDataSource       : HikariPool-1 - Starting...
2024-05-08T05:25:10.463-07:00  INFO 8956 --- [main] com.zaxxer.hikari.pool.HikariPool        : HikariPool-1 - Added connection conn0: url=jdbc:h2:file:./db/library user=ADDMIN
2024-05-08T05:25:10.466-07:00  INFO 8956 --- [main] com.zaxxer.hikari.HikariDataSource       : HikariPool-1 - Start completed.
2024-05-08T05:25:10.506-07:00  WARN 8956 --- [main] org.hibernate.orm.deprecation            : HHH90000025: H2Dialect does not need to be specified explicitly using 'hibernate.dialect' (remove the property setting and it will be selected by default)
2024-05-08T05:25:12.112-07:00  INFO 8956 --- [main] o.h.e.t.j.p.i.JtaPlatformInitiator       : HHH000489: No JTA platform available (set 'hibernate.transaction.jta.platform' to enable JTA platform integration)
2024-05-08T05:25:12.193-07:00  INFO 8956 --- [main] j.LocalContainerEntityManagerFactoryBean : Initialized JPA EntityManagerFactory for persistence unit 'default'
2024-05-08T05:25:14.509-07:00  WARN 8956 --- [main] JpaBaseConfiguration$JpaWebConfiguration : spring.jpa.open-in-view is enabled by default. Therefore, database queries may be performed during view rendering. Explicitly configure spring.jpa.open-in-view to disable this warning
2024-05-08T05:25:15.778-07:00  INFO 8956 --- [main] o.s.b.a.h2.H2ConsoleAutoConfiguration    : H2 console available at '/db-console'. Database available at 'jdbc:h2:file:./db/library'
2024-05-08T05:25:16.036-07:00  INFO 8956 --- [main] c.e.l.s.BorrowingRecordServiceTest       : Started BorrowingRecordServiceTest in 10.878 seconds (process running for 13.17)
2024-05-08T05:25:16.447-07:00  INFO 8956 --- [main] c.e.l.aspect.LogTimeAspect               : KPI[method-execution]	for: String com.example.library_management_system.service.PatronService.insert(PatronDto)	with args:([Ljava.lang.Object;@3816efab) 		took:395ms
2024-05-08T05:25:16.449-07:00  INFO 8956 --- [main] c.e.l.aspect.LogTimeAspect               : patron with name: Patron1 inserted
2024-05-08T05:25:16.459-07:00  INFO 8956 --- [main] c.e.l.aspect.LogTimeAspect               : KPI[method-execution]	for: String com.example.library_management_system.service.PatronService.insert(PatronDto)	with args:([Ljava.lang.Object;@7308d133) 		took:10ms
2024-05-08T05:25:16.459-07:00  INFO 8956 --- [main] c.e.l.aspect.LogTimeAspect               : patron with name: Patron2 inserted
2024-05-08T05:25:16.479-07:00  INFO 8956 --- [main] c.e.l.aspect.LogTimeAspect               : KPI[method-execution]	for: String com.example.library_management_system.service.BookService.insert(BookDto)	with args:([Ljava.lang.Object;@28a33dc9) 		took:20ms
2024-05-08T05:25:16.479-07:00  INFO 8956 --- [main] c.e.l.aspect.LogTimeAspect               : book with title Book1 inserted
2024-05-08T05:25:16.486-07:00  INFO 8956 --- [main] c.e.l.aspect.LogTimeAspect               : KPI[method-execution]	for: String com.example.library_management_system.service.BookService.insert(BookDto)	with args:([Ljava.lang.Object;@7c16cc25) 		took:6ms
2024-05-08T05:25:16.486-07:00  INFO 8956 --- [main] c.e.l.aspect.LogTimeAspect               : book with title Book2 inserted
2024-05-08T05:25:18.600-07:00  INFO 8956 --- [SpringApplicationShutdownHook] j.LocalContainerEntityManagerFactoryBean : Closing JPA EntityManagerFactory for persistence unit 'default'
2024-05-08T05:25:18.614-07:00  WARN 8956 --- [SpringApplicationShutdownHook] o.h.t.s.i.e.GenerationTargetToDatabase   : HHH000335: Unable to log SQLWarnings: org.h2.jdbc.JdbcSQLNonTransientConnectionException: Database is already closed (to disable automatic closing at VM shutdown, add ";DB_CLOSE_ON_EXIT=FALSE" to the db URL) [90121-214]
2024-05-08T05:25:18.618-07:00 ERROR 8956 --- [SpringApplicationShutdownHook] .SchemaDropperImpl$DelayedDropActionImpl : HHH000478: Unsuccessful: drop table if exists borrowing_record cascade 
2024-05-08T05:25:18.624-07:00 ERROR 8956 --- [SpringApplicationShutdownHook] .SchemaDropperImpl$DelayedDropActionImpl : HHH000478: Unsuccessful: drop table if exists patron cascade 
2024-05-08T05:25:18.636-07:00  WARN 8956 --- [SpringApplicationShutdownHook] o.h.engine.jdbc.spi.SqlExceptionHelper   : SQL Error: 90121, SQLState: 90121
2024-05-08T05:25:18.636-07:00 ERROR 8956 --- [SpringApplicationShutdownHook] o.h.engine.jdbc.spi.SqlExceptionHelper   : Database is already closed (to disable automatic closing at VM shutdown, add ";DB_CLOSE_ON_EXIT=FALSE" to the db URL) [90121-214]
2024-05-08T05:25:18.643-07:00  WARN 8956 --- [SpringApplicationShutdownHook] o.s.b.f.support.DisposableBeanAdapter    : Invocation of destroy method failed on bean with name 'entityManagerFactory': org.hibernate.exception.JDBCConnectionException: Unable to release JDBC Connection used for DDL execution [Database is already closed (to disable automatic closing at VM shutdown, add ";DB_CLOSE_ON_EXIT=FALSE" to the db URL) [90121-214]] [n/a]
2024-05-08T05:25:18.646-07:00  INFO 8956 --- [SpringApplicationShutdownHook] com.zaxxer.hikari.HikariDataSource       : HikariPool-1 - Shutdown initiated...
2024-05-08T05:25:18.652-07:00  INFO 8956 --- [SpringApplicationShutdownHook] com.zaxxer.hikari.HikariDataSource       : HikariPool-1 - Shutdown completed.
2024-05-08T05:26:08.597-07:00  INFO 12512 --- [main] c.e.l.s.BorrowingRecordServiceTest       : Starting BorrowingRecordServiceTest using Java 20.0.2 with PID 12512 (started by Ahmed in F:\leetcode\maids.cc-task\library_management_system\library_management_system)
2024-05-08T05:26:08.601-07:00  INFO 12512 --- [main] c.e.l.s.BorrowingRecordServiceTest       : No active profile set, falling back to 1 default profile: "default"
2024-05-08T05:26:10.305-07:00  INFO 12512 --- [main] .s.d.r.c.RepositoryConfigurationDelegate : Bootstrapping Spring Data JPA repositories in DEFAULT mode.
2024-05-08T05:26:10.462-07:00  INFO 12512 --- [main] .s.d.r.c.RepositoryConfigurationDelegate : Finished Spring Data repository scanning in 138 ms. Found 3 JPA repository interfaces.
2024-05-08T05:26:11.960-07:00  INFO 12512 --- [main] o.hibernate.jpa.internal.util.LogHelper  : HHH000204: Processing PersistenceUnitInfo [name: default]
2024-05-08T05:26:12.084-07:00  INFO 12512 --- [main] org.hibernate.Version                    : HHH000412: Hibernate ORM core version 6.2.24.Final
2024-05-08T05:26:12.089-07:00  INFO 12512 --- [main] org.hibernate.cfg.Environment            : HHH000406: Using bytecode reflection optimizer
2024-05-08T05:26:12.698-07:00  INFO 12512 --- [main] o.s.o.j.p.SpringPersistenceUnitInfo      : No LoadTimeWeaver setup: ignoring JPA class transformer
2024-05-08T05:26:12.757-07:00  INFO 12512 --- [main] com.zaxxer.hikari.HikariDataSource       : HikariPool-1 - Starting...
2024-05-08T05:26:13.241-07:00  INFO 12512 --- [main] com.zaxxer.hikari.pool.HikariPool        : HikariPool-1 - Added connection conn0: url=jdbc:h2:file:./db/library user=ADDMIN
2024-05-08T05:26:13.244-07:00  INFO 12512 --- [main] com.zaxxer.hikari.HikariDataSource       : HikariPool-1 - Start completed.
2024-05-08T05:26:13.287-07:00  WARN 12512 --- [main] org.hibernate.orm.deprecation            : HHH90000025: H2Dialect does not need to be specified explicitly using 'hibernate.dialect' (remove the property setting and it will be selected by default)
2024-05-08T05:26:15.373-07:00  INFO 12512 --- [main] o.h.e.t.j.p.i.JtaPlatformInitiator       : HHH000489: No JTA platform available (set 'hibernate.transaction.jta.platform' to enable JTA platform integration)
2024-05-08T05:26:15.453-07:00  INFO 12512 --- [main] j.LocalContainerEntityManagerFactoryBean : Initialized JPA EntityManagerFactory for persistence unit 'default'
2024-05-08T05:26:17.714-07:00  WARN 12512 --- [main] JpaBaseConfiguration$JpaWebConfiguration : spring.jpa.open-in-view is enabled by default. Therefore, database queries may be performed during view rendering. Explicitly configure spring.jpa.open-in-view to disable this warning
2024-05-08T05:26:19.004-07:00  INFO 12512 --- [main] o.s.b.a.h2.H2ConsoleAutoConfiguration    : H2 console available at '/db-console'. Database available at 'jdbc:h2:file:./db/library'
2024-05-08T05:26:19.288-07:00  INFO 12512 --- [main] c.e.l.s.BorrowingRecordServiceTest       : Started BorrowingRecordServiceTest in 11.382 seconds (process running for 13.694)
2024-05-08T05:26:19.708-07:00  INFO 12512 --- [main] c.e.l.aspect.LogTimeAspect               : KPI[method-execution]	for: String com.example.library_management_system.service.PatronService.insert(PatronDto)	with args:([Ljava.lang.Object;@52c2d1e8) 		took:403ms
2024-05-08T05:26:19.710-07:00  INFO 12512 --- [main] c.e.l.aspect.LogTimeAspect               : patron with name: Patron1 inserted
2024-05-08T05:26:19.720-07:00  INFO 12512 --- [main] c.e.l.aspect.LogTimeAspect               : KPI[method-execution]	for: String com.example.library_management_system.service.PatronService.insert(PatronDto)	with args:([Ljava.lang.Object;@6a577564) 		took:10ms
2024-05-08T05:26:19.721-07:00  INFO 12512 --- [main] c.e.l.aspect.LogTimeAspect               : patron with name: Patron2 inserted
2024-05-08T05:26:19.738-07:00  INFO 12512 --- [main] c.e.l.aspect.LogTimeAspect               : KPI[method-execution]	for: String com.example.library_management_system.service.BookService.insert(BookDto)	with args:([Ljava.lang.Object;@32db94fb) 		took:17ms
2024-05-08T05:26:19.738-07:00  INFO 12512 --- [main] c.e.l.aspect.LogTimeAspect               : book with title Book1 inserted
2024-05-08T05:26:19.745-07:00  INFO 12512 --- [main] c.e.l.aspect.LogTimeAspect               : KPI[method-execution]	for: String com.example.library_management_system.service.BookService.insert(BookDto)	with args:([Ljava.lang.Object;@68e6856c) 		took:6ms
2024-05-08T05:26:19.745-07:00  INFO 12512 --- [main] c.e.l.aspect.LogTimeAspect               : book with title Book2 inserted
2024-05-08T05:26:21.795-07:00  INFO 12512 --- [SpringApplicationShutdownHook] j.LocalContainerEntityManagerFactoryBean : Closing JPA EntityManagerFactory for persistence unit 'default'
2024-05-08T05:26:21.809-07:00  INFO 12512 --- [SpringApplicationShutdownHook] com.zaxxer.hikari.HikariDataSource       : HikariPool-1 - Shutdown initiated...
2024-05-08T05:26:21.819-07:00  INFO 12512 --- [SpringApplicationShutdownHook] com.zaxxer.hikari.HikariDataSource       : HikariPool-1 - Shutdown completed.
2024-05-08T05:26:48.333-07:00  INFO 11696 --- [main] c.e.l.s.BorrowingRecordServiceTest       : Starting BorrowingRecordServiceTest using Java 20.0.2 with PID 11696 (started by Ahmed in F:\leetcode\maids.cc-task\library_management_system\library_management_system)
2024-05-08T05:26:48.336-07:00  INFO 11696 --- [main] c.e.l.s.BorrowingRecordServiceTest       : No active profile set, falling back to 1 default profile: "default"
2024-05-08T05:26:49.980-07:00  INFO 11696 --- [main] .s.d.r.c.RepositoryConfigurationDelegate : Bootstrapping Spring Data JPA repositories in DEFAULT mode.
2024-05-08T05:26:50.127-07:00  INFO 11696 --- [main] .s.d.r.c.RepositoryConfigurationDelegate : Finished Spring Data repository scanning in 126 ms. Found 3 JPA repository interfaces.
2024-05-08T05:26:51.511-07:00  INFO 11696 --- [main] o.hibernate.jpa.internal.util.LogHelper  : HHH000204: Processing PersistenceUnitInfo [name: default]
2024-05-08T05:26:51.632-07:00  INFO 11696 --- [main] org.hibernate.Version                    : HHH000412: Hibernate ORM core version 6.2.24.Final
2024-05-08T05:26:51.635-07:00  INFO 11696 --- [main] org.hibernate.cfg.Environment            : HHH000406: Using bytecode reflection optimizer
2024-05-08T05:26:52.370-07:00  INFO 11696 --- [main] o.s.o.j.p.SpringPersistenceUnitInfo      : No LoadTimeWeaver setup: ignoring JPA class transformer
2024-05-08T05:26:52.429-07:00  INFO 11696 --- [main] com.zaxxer.hikari.HikariDataSource       : HikariPool-1 - Starting...
2024-05-08T05:26:52.875-07:00  INFO 11696 --- [main] com.zaxxer.hikari.pool.HikariPool        : HikariPool-1 - Added connection conn0: url=jdbc:h2:file:./db/library user=ADDMIN
2024-05-08T05:26:52.878-07:00  INFO 11696 --- [main] com.zaxxer.hikari.HikariDataSource       : HikariPool-1 - Start completed.
2024-05-08T05:26:52.919-07:00  WARN 11696 --- [main] org.hibernate.orm.deprecation            : HHH90000025: H2Dialect does not need to be specified explicitly using 'hibernate.dialect' (remove the property setting and it will be selected by default)
2024-05-08T05:26:54.935-07:00  INFO 11696 --- [main] o.h.e.t.j.p.i.JtaPlatformInitiator       : HHH000489: No JTA platform available (set 'hibernate.transaction.jta.platform' to enable JTA platform integration)
2024-05-08T05:26:55.033-07:00  INFO 11696 --- [main] j.LocalContainerEntityManagerFactoryBean : Initialized JPA EntityManagerFactory for persistence unit 'default'
2024-05-08T05:26:57.267-07:00  WARN 11696 --- [main] JpaBaseConfiguration$JpaWebConfiguration : spring.jpa.open-in-view is enabled by default. Therefore, database queries may be performed during view rendering. Explicitly configure spring.jpa.open-in-view to disable this warning
2024-05-08T05:26:58.405-07:00  INFO 11696 --- [main] o.s.b.a.h2.H2ConsoleAutoConfiguration    : H2 console available at '/db-console'. Database available at 'jdbc:h2:file:./db/library'
2024-05-08T05:26:58.654-07:00  INFO 11696 --- [main] c.e.l.s.BorrowingRecordServiceTest       : Started BorrowingRecordServiceTest in 11.028 seconds (process running for 13.289)
2024-05-08T05:26:59.078-07:00  INFO 11696 --- [main] c.e.l.aspect.LogTimeAspect               : KPI[method-execution]	for: String com.example.library_management_system.service.PatronService.insert(PatronDto)	with args:([Ljava.lang.Object;@3b9c386d) 		took:408ms
2024-05-08T05:26:59.079-07:00  INFO 11696 --- [main] c.e.l.aspect.LogTimeAspect               : patron with name: Patron1 inserted
2024-05-08T05:26:59.091-07:00  INFO 11696 --- [main] c.e.l.aspect.LogTimeAspect               : KPI[method-execution]	for: String com.example.library_management_system.service.PatronService.insert(PatronDto)	with args:([Ljava.lang.Object;@4bb4cc8c) 		took:12ms
2024-05-08T05:26:59.091-07:00  INFO 11696 --- [main] c.e.l.aspect.LogTimeAspect               : patron with name: Patron2 inserted
2024-05-08T05:26:59.113-07:00  INFO 11696 --- [main] c.e.l.aspect.LogTimeAspect               : KPI[method-execution]	for: String com.example.library_management_system.service.BookService.insert(BookDto)	with args:([Ljava.lang.Object;@240c626d) 		took:21ms
2024-05-08T05:26:59.114-07:00  INFO 11696 --- [main] c.e.l.aspect.LogTimeAspect               : book with title Book1 inserted
2024-05-08T05:26:59.121-07:00  INFO 11696 --- [main] c.e.l.aspect.LogTimeAspect               : KPI[method-execution]	for: String com.example.library_management_system.service.BookService.insert(BookDto)	with args:([Ljava.lang.Object;@4f70b659) 		took:6ms
2024-05-08T05:26:59.121-07:00  INFO 11696 --- [main] c.e.l.aspect.LogTimeAspect               : book with title Book2 inserted
2024-05-08T05:27:01.112-07:00  INFO 11696 --- [SpringApplicationShutdownHook] j.LocalContainerEntityManagerFactoryBean : Closing JPA EntityManagerFactory for persistence unit 'default'
2024-05-08T05:27:01.518-07:00  INFO 11696 --- [SpringApplicationShutdownHook] com.zaxxer.hikari.HikariDataSource       : HikariPool-1 - Shutdown initiated...
2024-05-08T05:27:01.572-07:00  INFO 11696 --- [SpringApplicationShutdownHook] com.zaxxer.hikari.HikariDataSource       : HikariPool-1 - Shutdown completed.
2024-05-08T05:30:21.690-07:00  INFO 11428 --- [main] c.e.l.s.BorrowingRecordServiceTest       : Starting BorrowingRecordServiceTest using Java 20.0.2 with PID 11428 (started by Ahmed in F:\leetcode\maids.cc-task\library_management_system\library_management_system)
2024-05-08T05:30:21.695-07:00  INFO 11428 --- [main] c.e.l.s.BorrowingRecordServiceTest       : No active profile set, falling back to 1 default profile: "default"
2024-05-08T05:30:23.364-07:00  INFO 11428 --- [main] .s.d.r.c.RepositoryConfigurationDelegate : Bootstrapping Spring Data JPA repositories in DEFAULT mode.
2024-05-08T05:30:23.502-07:00  INFO 11428 --- [main] .s.d.r.c.RepositoryConfigurationDelegate : Finished Spring Data repository scanning in 122 ms. Found 3 JPA repository interfaces.
2024-05-08T05:30:24.983-07:00  INFO 11428 --- [main] o.hibernate.jpa.internal.util.LogHelper  : HHH000204: Processing PersistenceUnitInfo [name: default]
2024-05-08T05:30:25.103-07:00  INFO 11428 --- [main] org.hibernate.Version                    : HHH000412: Hibernate ORM core version 6.2.24.Final
2024-05-08T05:30:25.108-07:00  INFO 11428 --- [main] org.hibernate.cfg.Environment            : HHH000406: Using bytecode reflection optimizer
2024-05-08T05:30:25.792-07:00  INFO 11428 --- [main] o.s.o.j.p.SpringPersistenceUnitInfo      : No LoadTimeWeaver setup: ignoring JPA class transformer
2024-05-08T05:30:25.844-07:00  INFO 11428 --- [main] com.zaxxer.hikari.HikariDataSource       : HikariPool-1 - Starting...
2024-05-08T05:30:26.301-07:00  INFO 11428 --- [main] com.zaxxer.hikari.pool.HikariPool        : HikariPool-1 - Added connection conn0: url=jdbc:h2:file:./db/library user=ADDMIN
2024-05-08T05:30:26.304-07:00  INFO 11428 --- [main] com.zaxxer.hikari.HikariDataSource       : HikariPool-1 - Start completed.
2024-05-08T05:30:26.355-07:00  WARN 11428 --- [main] org.hibernate.orm.deprecation            : HHH90000025: H2Dialect does not need to be specified explicitly using 'hibernate.dialect' (remove the property setting and it will be selected by default)
2024-05-08T05:30:28.116-07:00  INFO 11428 --- [main] o.h.e.t.j.p.i.JtaPlatformInitiator       : HHH000489: No JTA platform available (set 'hibernate.transaction.jta.platform' to enable JTA platform integration)
2024-05-08T05:30:28.193-07:00  INFO 11428 --- [main] j.LocalContainerEntityManagerFactoryBean : Initialized JPA EntityManagerFactory for persistence unit 'default'
2024-05-08T05:30:30.569-07:00  WARN 11428 --- [main] JpaBaseConfiguration$JpaWebConfiguration : spring.jpa.open-in-view is enabled by default. Therefore, database queries may be performed during view rendering. Explicitly configure spring.jpa.open-in-view to disable this warning
2024-05-08T05:30:31.836-07:00  INFO 11428 --- [main] o.s.b.a.h2.H2ConsoleAutoConfiguration    : H2 console available at '/db-console'. Database available at 'jdbc:h2:file:./db/library'
2024-05-08T05:30:32.093-07:00  INFO 11428 --- [main] c.e.l.s.BorrowingRecordServiceTest       : Started BorrowingRecordServiceTest in 11.112 seconds (process running for 13.377)
2024-05-08T05:30:32.486-07:00  INFO 11428 --- [main] c.e.l.aspect.LogTimeAspect               : KPI[method-execution]	for: String com.example.library_management_system.service.PatronService.insert(PatronDto)	with args:([Ljava.lang.Object;@1bd6bfb0) 		took:378ms
2024-05-08T05:30:32.487-07:00  INFO 11428 --- [main] c.e.l.aspect.LogTimeAspect               : patron with name: Patron1 inserted
2024-05-08T05:30:32.497-07:00  INFO 11428 --- [main] c.e.l.aspect.LogTimeAspect               : KPI[method-execution]	for: String com.example.library_management_system.service.PatronService.insert(PatronDto)	with args:([Ljava.lang.Object;@2044f708) 		took:9ms
2024-05-08T05:30:32.497-07:00  INFO 11428 --- [main] c.e.l.aspect.LogTimeAspect               : patron with name: Patron2 inserted
2024-05-08T05:30:32.516-07:00  INFO 11428 --- [main] c.e.l.aspect.LogTimeAspect               : KPI[method-execution]	for: String com.example.library_management_system.service.BookService.insert(BookDto)	with args:([Ljava.lang.Object;@789d45f7) 		took:18ms
2024-05-08T05:30:32.517-07:00  INFO 11428 --- [main] c.e.l.aspect.LogTimeAspect               : book with title Book1 inserted
2024-05-08T05:30:32.523-07:00  INFO 11428 --- [main] c.e.l.aspect.LogTimeAspect               : KPI[method-execution]	for: String com.example.library_management_system.service.BookService.insert(BookDto)	with args:([Ljava.lang.Object;@333e01c6) 		took:6ms
2024-05-08T05:30:32.523-07:00  INFO 11428 --- [main] c.e.l.aspect.LogTimeAspect               : book with title Book2 inserted
2024-05-08T05:30:34.580-07:00  INFO 11428 --- [SpringApplicationShutdownHook] j.LocalContainerEntityManagerFactoryBean : Closing JPA EntityManagerFactory for persistence unit 'default'
2024-05-08T05:30:35.056-07:00  INFO 11428 --- [SpringApplicationShutdownHook] com.zaxxer.hikari.HikariDataSource       : HikariPool-1 - Shutdown initiated...
2024-05-08T05:30:35.217-07:00  INFO 11428 --- [SpringApplicationShutdownHook] com.zaxxer.hikari.HikariDataSource       : HikariPool-1 - Shutdown completed.
2024-05-08T05:31:10.733-07:00  INFO 10688 --- [main] c.e.l.s.BorrowingRecordServiceTest       : Starting BorrowingRecordServiceTest using Java 20.0.2 with PID 10688 (started by Ahmed in F:\leetcode\maids.cc-task\library_management_system\library_management_system)
2024-05-08T05:31:10.739-07:00  INFO 10688 --- [main] c.e.l.s.BorrowingRecordServiceTest       : No active profile set, falling back to 1 default profile: "default"
2024-05-08T05:31:12.729-07:00  INFO 10688 --- [main] .s.d.r.c.RepositoryConfigurationDelegate : Bootstrapping Spring Data JPA repositories in DEFAULT mode.
2024-05-08T05:31:12.907-07:00  INFO 10688 --- [main] .s.d.r.c.RepositoryConfigurationDelegate : Finished Spring Data repository scanning in 158 ms. Found 3 JPA repository interfaces.
2024-05-08T05:31:14.765-07:00  INFO 10688 --- [main] o.hibernate.jpa.internal.util.LogHelper  : HHH000204: Processing PersistenceUnitInfo [name: default]
2024-05-08T05:31:14.918-07:00  INFO 10688 --- [main] org.hibernate.Version                    : HHH000412: Hibernate ORM core version 6.2.24.Final
2024-05-08T05:31:14.925-07:00  INFO 10688 --- [main] org.hibernate.cfg.Environment            : HHH000406: Using bytecode reflection optimizer
2024-05-08T05:31:15.810-07:00  INFO 10688 --- [main] o.s.o.j.p.SpringPersistenceUnitInfo      : No LoadTimeWeaver setup: ignoring JPA class transformer
2024-05-08T05:31:15.876-07:00  INFO 10688 --- [main] com.zaxxer.hikari.HikariDataSource       : HikariPool-1 - Starting...
2024-05-08T05:31:16.410-07:00  INFO 10688 --- [main] com.zaxxer.hikari.pool.HikariPool        : HikariPool-1 - Added connection conn0: url=jdbc:h2:file:./db/library user=ADDMIN
2024-05-08T05:31:16.416-07:00  INFO 10688 --- [main] com.zaxxer.hikari.HikariDataSource       : HikariPool-1 - Start completed.
2024-05-08T05:31:16.486-07:00  WARN 10688 --- [main] org.hibernate.orm.deprecation            : HHH90000025: H2Dialect does not need to be specified explicitly using 'hibernate.dialect' (remove the property setting and it will be selected by default)
2024-05-08T05:31:18.627-07:00  INFO 10688 --- [main] o.h.e.t.j.p.i.JtaPlatformInitiator       : HHH000489: No JTA platform available (set 'hibernate.transaction.jta.platform' to enable JTA platform integration)
2024-05-08T05:31:18.729-07:00  INFO 10688 --- [main] j.LocalContainerEntityManagerFactoryBean : Initialized JPA EntityManagerFactory for persistence unit 'default'
2024-05-08T05:31:21.331-07:00  WARN 10688 --- [main] JpaBaseConfiguration$JpaWebConfiguration : spring.jpa.open-in-view is enabled by default. Therefore, database queries may be performed during view rendering. Explicitly configure spring.jpa.open-in-view to disable this warning
2024-05-08T05:31:22.696-07:00  INFO 10688 --- [main] o.s.b.a.h2.H2ConsoleAutoConfiguration    : H2 console available at '/db-console'. Database available at 'jdbc:h2:file:./db/library'
2024-05-08T05:31:23.009-07:00  INFO 10688 --- [main] c.e.l.s.BorrowingRecordServiceTest       : Started BorrowingRecordServiceTest in 13.444 seconds (process running for 17.514)
2024-05-08T05:31:23.559-07:00  INFO 10688 --- [main] c.e.l.aspect.LogTimeAspect               : KPI[method-execution]	for: String com.example.library_management_system.service.PatronService.insert(PatronDto)	with args:([Ljava.lang.Object;@67c1fc9b) 		took:528ms
2024-05-08T05:31:23.561-07:00  INFO 10688 --- [main] c.e.l.aspect.LogTimeAspect               : patron with name: Patron1 inserted
2024-05-08T05:31:23.575-07:00  INFO 10688 --- [main] c.e.l.aspect.LogTimeAspect               : KPI[method-execution]	for: String com.example.library_management_system.service.PatronService.insert(PatronDto)	with args:([Ljava.lang.Object;@3e8c9981) 		took:13ms
2024-05-08T05:31:23.575-07:00  INFO 10688 --- [main] c.e.l.aspect.LogTimeAspect               : patron with name: Patron2 inserted
2024-05-08T05:31:23.599-07:00  INFO 10688 --- [main] c.e.l.aspect.LogTimeAspect               : KPI[method-execution]	for: String com.example.library_management_system.service.BookService.insert(BookDto)	with args:([Ljava.lang.Object;@274b0c2a) 		took:23ms
2024-05-08T05:31:23.600-07:00  INFO 10688 --- [main] c.e.l.aspect.LogTimeAspect               : book with title Book1 inserted
2024-05-08T05:31:23.607-07:00  INFO 10688 --- [main] c.e.l.aspect.LogTimeAspect               : KPI[method-execution]	for: String com.example.library_management_system.service.BookService.insert(BookDto)	with args:([Ljava.lang.Object;@1e8c741c) 		took:7ms
2024-05-08T05:31:23.607-07:00  INFO 10688 --- [main] c.e.l.aspect.LogTimeAspect               : book with title Book2 inserted
2024-05-08T05:31:46.988-07:00  INFO 10688 --- [SpringApplicationShutdownHook] j.LocalContainerEntityManagerFactoryBean : Closing JPA EntityManagerFactory for persistence unit 'default'
2024-05-08T05:31:47.692-07:00  INFO 10688 --- [SpringApplicationShutdownHook] com.zaxxer.hikari.HikariDataSource       : HikariPool-1 - Shutdown initiated...
2024-05-08T05:31:47.851-07:00  INFO 10688 --- [SpringApplicationShutdownHook] com.zaxxer.hikari.HikariDataSource       : HikariPool-1 - Shutdown completed.
2024-05-08T05:32:02.133-07:00  INFO 14936 --- [main] c.e.l.s.BorrowingRecordServiceTest       : Starting BorrowingRecordServiceTest using Java 20.0.2 with PID 14936 (started by Ahmed in F:\leetcode\maids.cc-task\library_management_system\library_management_system)
2024-05-08T05:32:02.139-07:00  INFO 14936 --- [main] c.e.l.s.BorrowingRecordServiceTest       : No active profile set, falling back to 1 default profile: "default"
2024-05-08T05:32:04.104-07:00  INFO 14936 --- [main] .s.d.r.c.RepositoryConfigurationDelegate : Bootstrapping Spring Data JPA repositories in DEFAULT mode.
2024-05-08T05:32:04.298-07:00  INFO 14936 --- [main] .s.d.r.c.RepositoryConfigurationDelegate : Finished Spring Data repository scanning in 167 ms. Found 3 JPA repository interfaces.
2024-05-08T05:32:06.133-07:00  INFO 14936 --- [main] o.hibernate.jpa.internal.util.LogHelper  : HHH000204: Processing PersistenceUnitInfo [name: default]
2024-05-08T05:32:06.286-07:00  INFO 14936 --- [main] org.hibernate.Version                    : HHH000412: Hibernate ORM core version 6.2.24.Final
2024-05-08T05:32:06.293-07:00  INFO 14936 --- [main] org.hibernate.cfg.Environment            : HHH000406: Using bytecode reflection optimizer
2024-05-08T05:32:07.152-07:00  INFO 14936 --- [main] o.s.o.j.p.SpringPersistenceUnitInfo      : No LoadTimeWeaver setup: ignoring JPA class transformer
2024-05-08T05:32:07.232-07:00  INFO 14936 --- [main] com.zaxxer.hikari.HikariDataSource       : HikariPool-1 - Starting...
2024-05-08T05:32:07.806-07:00  INFO 14936 --- [main] com.zaxxer.hikari.pool.HikariPool        : HikariPool-1 - Added connection conn0: url=jdbc:h2:file:./db/library user=ADDMIN
2024-05-08T05:32:07.810-07:00  INFO 14936 --- [main] com.zaxxer.hikari.HikariDataSource       : HikariPool-1 - Start completed.
2024-05-08T05:32:07.885-07:00  WARN 14936 --- [main] org.hibernate.orm.deprecation            : HHH90000025: H2Dialect does not need to be specified explicitly using 'hibernate.dialect' (remove the property setting and it will be selected by default)
2024-05-08T05:32:10.633-07:00  INFO 14936 --- [main] o.h.e.t.j.p.i.JtaPlatformInitiator       : HHH000489: No JTA platform available (set 'hibernate.transaction.jta.platform' to enable JTA platform integration)
2024-05-08T05:32:10.832-07:00  INFO 14936 --- [main] j.LocalContainerEntityManagerFactoryBean : Initialized JPA EntityManagerFactory for persistence unit 'default'
2024-05-08T05:32:14.489-07:00  WARN 14936 --- [main] JpaBaseConfiguration$JpaWebConfiguration : spring.jpa.open-in-view is enabled by default. Therefore, database queries may be performed during view rendering. Explicitly configure spring.jpa.open-in-view to disable this warning
2024-05-08T05:32:16.004-07:00  INFO 14936 --- [main] o.s.b.a.h2.H2ConsoleAutoConfiguration    : H2 console available at '/db-console'. Database available at 'jdbc:h2:file:./db/library'
2024-05-08T05:32:16.295-07:00  INFO 14936 --- [main] c.e.l.s.BorrowingRecordServiceTest       : Started BorrowingRecordServiceTest in 15.078 seconds (process running for 17.999)
2024-05-08T05:32:16.944-07:00  INFO 14936 --- [main] c.e.l.aspect.LogTimeAspect               : KPI[method-execution]	for: String com.example.library_management_system.service.PatronService.insert(PatronDto)	with args:([Ljava.lang.Object;@5c8859b4) 		took:628ms
2024-05-08T05:32:16.948-07:00  INFO 14936 --- [main] c.e.l.aspect.LogTimeAspect               : patron with name: Patron1 inserted
2024-05-08T05:32:16.969-07:00  INFO 14936 --- [main] c.e.l.aspect.LogTimeAspect               : KPI[method-execution]	for: String com.example.library_management_system.service.PatronService.insert(PatronDto)	with args:([Ljava.lang.Object;@72dc7f0a) 		took:21ms
2024-05-08T05:32:16.971-07:00  INFO 14936 --- [main] c.e.l.aspect.LogTimeAspect               : patron with name: Patron2 inserted
2024-05-08T05:32:17.091-07:00  INFO 14936 --- [main] c.e.l.aspect.LogTimeAspect               : KPI[method-execution]	for: String com.example.library_management_system.service.BookService.insert(BookDto)	with args:([Ljava.lang.Object;@4b59a1c1) 		took:98ms
2024-05-08T05:32:17.091-07:00  INFO 14936 --- [main] c.e.l.aspect.LogTimeAspect               : book with title Book1 inserted
2024-05-08T05:32:17.098-07:00  INFO 14936 --- [main] c.e.l.aspect.LogTimeAspect               : KPI[method-execution]	for: String com.example.library_management_system.service.BookService.insert(BookDto)	with args:([Ljava.lang.Object;@586a9fe1) 		took:7ms
2024-05-08T05:32:17.098-07:00  INFO 14936 --- [main] c.e.l.aspect.LogTimeAspect               : book with title Book2 inserted
2024-05-08T05:33:18.453-07:00  INFO 14936 --- [SpringApplicationShutdownHook] j.LocalContainerEntityManagerFactoryBean : Closing JPA EntityManagerFactory for persistence unit 'default'
2024-05-08T05:33:18.880-07:00  INFO 14936 --- [SpringApplicationShutdownHook] com.zaxxer.hikari.HikariDataSource       : HikariPool-1 - Shutdown initiated...
2024-05-08T05:33:19.148-07:00  INFO 14936 --- [SpringApplicationShutdownHook] com.zaxxer.hikari.HikariDataSource       : HikariPool-1 - Shutdown completed.
2024-05-08T05:33:45.298-07:00  INFO 12860 --- [main] c.e.l.s.BorrowingRecordServiceTest       : Starting BorrowingRecordServiceTest using Java 20.0.2 with PID 12860 (started by Ahmed in F:\leetcode\maids.cc-task\library_management_system\library_management_system)
2024-05-08T05:33:45.302-07:00  INFO 12860 --- [main] c.e.l.s.BorrowingRecordServiceTest       : No active profile set, falling back to 1 default profile: "default"
2024-05-08T05:33:47.151-07:00  INFO 12860 --- [main] .s.d.r.c.RepositoryConfigurationDelegate : Bootstrapping Spring Data JPA repositories in DEFAULT mode.
2024-05-08T05:33:47.337-07:00  INFO 12860 --- [main] .s.d.r.c.RepositoryConfigurationDelegate : Finished Spring Data repository scanning in 161 ms. Found 3 JPA repository interfaces.
2024-05-08T05:33:49.335-07:00  INFO 12860 --- [main] o.hibernate.jpa.internal.util.LogHelper  : HHH000204: Processing PersistenceUnitInfo [name: default]
2024-05-08T05:33:49.477-07:00  INFO 12860 --- [main] org.hibernate.Version                    : HHH000412: Hibernate ORM core version 6.2.24.Final
2024-05-08T05:33:49.482-07:00  INFO 12860 --- [main] org.hibernate.cfg.Environment            : HHH000406: Using bytecode reflection optimizer
2024-05-08T05:33:50.330-07:00  INFO 12860 --- [main] o.s.o.j.p.SpringPersistenceUnitInfo      : No LoadTimeWeaver setup: ignoring JPA class transformer
2024-05-08T05:33:50.408-07:00  INFO 12860 --- [main] com.zaxxer.hikari.HikariDataSource       : HikariPool-1 - Starting...
2024-05-08T05:33:50.917-07:00  INFO 12860 --- [main] com.zaxxer.hikari.pool.HikariPool        : HikariPool-1 - Added connection conn0: url=jdbc:h2:file:./db/library user=ADDMIN
2024-05-08T05:33:50.922-07:00  INFO 12860 --- [main] com.zaxxer.hikari.HikariDataSource       : HikariPool-1 - Start completed.
2024-05-08T05:33:50.983-07:00  WARN 12860 --- [main] org.hibernate.orm.deprecation            : HHH90000025: H2Dialect does not need to be specified explicitly using 'hibernate.dialect' (remove the property setting and it will be selected by default)
2024-05-08T05:33:52.833-07:00  INFO 12860 --- [main] o.h.e.t.j.p.i.JtaPlatformInitiator       : HHH000489: No JTA platform available (set 'hibernate.transaction.jta.platform' to enable JTA platform integration)
2024-05-08T05:33:52.982-07:00  INFO 12860 --- [main] j.LocalContainerEntityManagerFactoryBean : Initialized JPA EntityManagerFactory for persistence unit 'default'
2024-05-08T05:33:55.482-07:00  WARN 12860 --- [main] JpaBaseConfiguration$JpaWebConfiguration : spring.jpa.open-in-view is enabled by default. Therefore, database queries may be performed during view rendering. Explicitly configure spring.jpa.open-in-view to disable this warning
2024-05-08T05:33:56.877-07:00  INFO 12860 --- [main] o.s.b.a.h2.H2ConsoleAutoConfiguration    : H2 console available at '/db-console'. Database available at 'jdbc:h2:file:./db/library'
2024-05-08T05:33:57.129-07:00  INFO 12860 --- [main] c.e.l.s.BorrowingRecordServiceTest       : Started BorrowingRecordServiceTest in 12.682 seconds (process running for 15.608)
2024-05-08T05:33:57.632-07:00  INFO 12860 --- [main] c.e.l.aspect.LogTimeAspect               : KPI[method-execution]	for: String com.example.library_management_system.service.PatronService.insert(PatronDto)	with args:([Ljava.lang.Object;@6c37c36) 		took:485ms
2024-05-08T05:33:57.634-07:00  INFO 12860 --- [main] c.e.l.aspect.LogTimeAspect               : patron with name: Patron1 inserted
2024-05-08T05:33:57.647-07:00  INFO 12860 --- [main] c.e.l.aspect.LogTimeAspect               : KPI[method-execution]	for: String com.example.library_management_system.service.PatronService.insert(PatronDto)	with args:([Ljava.lang.Object;@7aecff85) 		took:12ms
2024-05-08T05:33:57.647-07:00  INFO 12860 --- [main] c.e.l.aspect.LogTimeAspect               : patron with name: Patron2 inserted
2024-05-08T05:33:57.669-07:00  INFO 12860 --- [main] c.e.l.aspect.LogTimeAspect               : KPI[method-execution]	for: String com.example.library_management_system.service.BookService.insert(BookDto)	with args:([Ljava.lang.Object;@5c168f98) 		took:21ms
2024-05-08T05:33:57.670-07:00  INFO 12860 --- [main] c.e.l.aspect.LogTimeAspect               : book with title Book1 inserted
2024-05-08T05:33:57.677-07:00  INFO 12860 --- [main] c.e.l.aspect.LogTimeAspect               : KPI[method-execution]	for: String com.example.library_management_system.service.BookService.insert(BookDto)	with args:([Ljava.lang.Object;@62b8dd6a) 		took:7ms
2024-05-08T05:33:57.677-07:00  INFO 12860 --- [main] c.e.l.aspect.LogTimeAspect               : book with title Book2 inserted
2024-05-08T05:34:38.157-07:00  WARN 12860 --- [HikariPool-1 housekeeper] com.zaxxer.hikari.pool.HikariPool        : HikariPool-1 - Thread starvation or clock leap detected (housekeeper delta=47s128ms154s300ns).
2024-05-08T05:36:05.463-07:00  INFO 12860 --- [SpringApplicationShutdownHook] j.LocalContainerEntityManagerFactoryBean : Closing JPA EntityManagerFactory for persistence unit 'default'
2024-05-08T05:36:06.194-07:00  INFO 12860 --- [SpringApplicationShutdownHook] com.zaxxer.hikari.HikariDataSource       : HikariPool-1 - Shutdown initiated...
2024-05-08T05:36:06.363-07:00  INFO 12860 --- [SpringApplicationShutdownHook] com.zaxxer.hikari.HikariDataSource       : HikariPool-1 - Shutdown completed.
